Traceback (most recent call last):
  File "model_spider.py", line 118, in main
    assert allImagesUrl and isinstance(allImagesUrl, list), 'ask_each_page_loop----no data'
AssertionError: ask_each_page_loop----no data
Traceback (most recent call last):
  File "model_spider.py", line 116, in main
    assert animate, 'animate不存在'
AssertionError: animate不存在
Traceback (most recent call last):
  File "model_spider.py", line 118, in main
    assert allImagesUrl and isinstance(allImagesUrl, list), 'ask_each_page_loop----no data'
AssertionError: ask_each_page_loop----no data
Traceback (most recent call last):
  File "model_spider.py", line 118, in main
    assert allImagesUrl and isinstance(allImagesUrl, list), 'ask_each_page_loop----no data'
AssertionError: ask_each_page_loop----no data
Traceback (most recent call last):
  File "model_spider.py", line 118, in main
    assert allImagesUrl and isinstance(allImagesUrl, list), 'ask_each_page_loop----no data'
AssertionError: ask_each_page_loop----no data
Fatal Python error: PyImport_GetModuleDict: no module dictionary!

Thread 0x00007fa8f13cf700 (most recent call first):
  File "/home/yuntao/.local/lib/python3.5/site-packages/gevent/_threading.py", line 84 in wait
  File "/home/yuntao/.local/lib/python3.5/site-packages/gevent/_threading.py", line 166 in get
  File "/home/yuntao/.local/lib/python3.5/site-packages/gevent/threadpool.py", line 270 in _worker

Thread 0x00007fa8f1bd0700 (most recent call first):
  File "/home/yuntao/.local/lib/python3.5/site-packages/gevent/_threading.py", line 84 in wait
  File "/home/yuntao/.local/lib/python3.5/site-packages/gevent/_threading.py", line 166 in get
  File "/home/yuntao/.local/lib/python3.5/site-packages/gevent/threadpool.py", line 270 in _worker

Thread 0x00007fa8f23d1700 (most recent call first):
  File "/home/yuntao/.local/lib/python3.5/site-packages/gevent/_threading.py", line 84 in wait
  File "/home/yuntao/.local/lib/python3.5/site-packages/gevent/_threading.py", line 166 in get
  File "/home/yuntao/.local/lib/python3.5/site-packages/gevent/threadpool.py", line 270 in _worker

Thread 0x00007fa8f2c12700 (most recent call first):
  File "/home/yuntao/.local/lib/python3.5/site-packages/gevent/_threading.py", line 84 in wait
  File "/home/yuntao/.local/lib/python3.5/site-packages/gevent/_threading.py", line 166 in get
  File "/home/yuntao/.local/lib/python3.5/site-packages/gevent/threadpool.py", line 270 in _worker

Thread 0x00007fa8f3413700 (most recent call first):
  File "/home/yuntao/.local/lib/python3.5/site-packages/gevent/_threading.py", line 84 in wait
  File "/home/yuntao/.local/lib/python3.5/site-packages/gevent/_threading.py", line 166 in get
  File "/home/yuntao/.local/lib/python3.5/site-packages/gevent/threadpool.py", line 270 in _worker

Thread 0x00007fa8f3c14700 (most recent call first):
  File "/home/yuntao/.local/lib/python3.5/site-packages/gevent/_threading.py", line 84 in wait
  File "/home/yuntao/.local/lib/python3.5/site-packages/gevent/_threading.py", line 166 in get
  File "/home/yuntao/.local/lib/python3.5/site-packages/gevent/threadpool.py", line 270 in _worker

Thread 0x00007fa8f4415700 (most recent call first):
  File "/home/yuntao/.local/lib/python3.5/site-packages/gevent/_threading.py", line 84 in wait
  File "/home/yuntao/.local/lib/python3.5/site-packages/gevent/_threading.py", line 166 in get
  File "/home/yuntao/.local/lib/python3.5/site-packages/gevent/threadpool.py", line 270 in _worker

Thread 0x00007fa8f4c16700 (most recent call first):
  File "/home/yuntao/.local/lib/python3.5/site-packages/gevent/_threading.py", line 84 in wait
  File "/home/yuntao/.local/lib/python3.5/site-packages/gevent/_threading.py", line 166 in get
  File "/home/yuntao/.local/lib/python3.5/site-packages/gevent/threadpool.py", line 270 in _worker

Thread 0x00007fa8f5417700 (most recent call first):
  File "/home/yuntao/.local/lib/python3.5/site-packages/gevent/_threading.py", line 84 in wait
  File "/home/yuntao/.local/lib/python3.5/site-packages/gevent/_threading.py", line 166 in get
  File "/home/yuntao/.local/lib/python3.5/site-packages/gevent/threadpool.py", line 270 in _worker

Thread 0x00007fa8f5c18700 (most recent call first):
  File "/home/yuntao/.local/lib/python3.5/site-packages/gevent/_threading.py", line 84 in wait
  File "/home/yuntao/.local/lib/python3.5/site-packages/gevent/_threading.py", line 166 in get
  File "/home/yuntao/.local/lib/python3.5/site-packages/gevent/threadpool.py", line 270 in _worker

Current thread 0x00007fa8fd984700 (most recent call first):
  File "/home/yuntao/.local/lib/python3.5/site-packages/pymysql/connections.py", line 379 in _force_close
./collect.sh: line 11: 31092 Aborted                 nohup python3 model_spider.py 634 朋友 >> $log_file
Traceback (most recent call last):
  File "model_spider.py", line 118, in main
    assert allImagesUrl and isinstance(allImagesUrl, list), 'ask_each_page_loop----no data'
AssertionError: ask_each_page_loop----no data
Traceback (most recent call last):
  File "model_spider.py", line 118, in main
    assert allImagesUrl and isinstance(allImagesUrl, list), 'ask_each_page_loop----no data'
AssertionError: ask_each_page_loop----no data
Traceback (most recent call last):
  File "model_spider.py", line 118, in main
    assert allImagesUrl and isinstance(allImagesUrl, list), 'ask_each_page_loop----no data'
AssertionError: ask_each_page_loop----no data
Traceback (most recent call last):
  File "model_spider.py", line 118, in main
    assert allImagesUrl and isinstance(allImagesUrl, list), 'ask_each_page_loop----no data'
AssertionError: ask_each_page_loop----no data
Traceback (most recent call last):
  File "model_spider.py", line 118, in main
    assert allImagesUrl and isinstance(allImagesUrl, list), 'ask_each_page_loop----no data'
AssertionError: ask_each_page_loop----no data
Copying '/home/yuntao/firstdemo/animate/static/images/634/3/20187qmycoru1b1i.jpg'
Copying '/home/yuntao/firstdemo/animate/static/images/634/3/20332mhu31dlifnt.jpg'
Copying '/home/yuntao/firstdemo/animate/static/images/634/3/20478cwwweckdc4e.jpg'
Copying '/home/yuntao/firstdemo/animate/static/images/634/3/20276gvsmudvsh25.jpg'
Copying '/home/yuntao/firstdemo/animate/static/images/634/3/20257fznx5ipfqzz.jpg'
Copying '/home/yuntao/firstdemo/animate/static/images/634/3/202951xloiiyd4g2.jpg'
Copying '/home/yuntao/firstdemo/animate/static/images/634/3/20485nuznszjww54.jpg'
Copying '/home/yuntao/firstdemo/animate/static/images/634/3/20373y2lns2l2wsh.jpg'
Copying '/home/yuntao/firstdemo/animate/static/images/634/3/20141s5lwe4xpvtc.jpg'
Copying '/home/yuntao/firstdemo/animate/static/images/634/3/20508zhvnyeomzlp.jpg'
Copying '/home/yuntao/firstdemo/animate/static/images/634/3/20364cionqqa20sp.jpg'
Copying '/home/yuntao/firstdemo/animate/static/images/634/3/20159e3cxefgzifg.jpg'
Copying '/home/yuntao/firstdemo/animate/static/images/634/3/20468bpjvocwavlo.jpg'
Copying '/home/yuntao/firstdemo/animate/static/images/634/3/20462hpqq5jopicb.jpg'
Copying '/home/yuntao/firstdemo/animate/static/images/634/3/20285ctngpta1ftn.jpg'
Copying '/home/yuntao/firstdemo/animate/static/images/634/3/20406v2auxwvepxh.jpg'
Copying '/home/yuntao/firstdemo/animate/static/images/634/3/20178ehokf3hggck.jpg'
Copying '/home/yuntao/firstdemo/animate/static/images/634/3/20168qg0ufapu1jq.jpg'
Copying '/home/yuntao/firstdemo/animate/static/images/634/3/20412b040znjzv1a.jpg'
Copying '/home/yuntao/firstdemo/animate/static/images/634/3/20382jyerfug1qm0.jpg'
Copying '/home/yuntao/firstdemo/animate/static/images/634/3/20313yfnb4wzufus.jpg'
Copying '/home/yuntao/firstdemo/animate/static/images/634/3/20204ngoyy2nt2pz.jpg'
Copying '/home/yuntao/firstdemo/animate/static/images/634/3/20355rf0nccmx4em.jpg'
Copying '/home/yuntao/firstdemo/animate/static/images/634/3/20134hpkukybmy14.jpg'
Copying '/home/yuntao/firstdemo/animate/static/images/634/3/20442osknm5l53rf.jpg'
Copying '/home/yuntao/firstdemo/animate/static/images/634/3/20431y3ibluuthhg.jpg'
Copying '/home/yuntao/firstdemo/animate/static/images/634/3/20194lunmnxbfrcx.jpg'
Copying '/home/yuntao/firstdemo/animate/static/images/634/3/20214wbd2ldn1jrp.jpg'
Copying '/home/yuntao/firstdemo/animate/static/images/634/3/205153ts5yrdwbby.jpg'
Copying '/home/yuntao/firstdemo/animate/static/images/634/3/20393gs1ok11pszz.jpg'
Copying '/home/yuntao/firstdemo/animate/static/images/634/3/20323azxk5lg2i0n.jpg'
Copying '/home/yuntao/firstdemo/animate/static/images/634/3/20303ofxarldweoz.jpg'
Copying '/home/yuntao/firstdemo/animate/static/images/634/3/20248fwu3wehnf3o.jpg'
Copying '/home/yuntao/firstdemo/animate/static/images/634/3/20125tmwi32wlbrd.jpg'
Copying '/home/yuntao/firstdemo/animate/static/images/634/3/20265abhsy4eqwe4.jpg'
Copying '/home/yuntao/firstdemo/animate/static/images/634/3/20342nm1xkfiwbis.jpg'
Copying '/home/yuntao/firstdemo/animate/static/images/634/3/20230sxaqf3yna5y.jpg'
Copying '/home/yuntao/firstdemo/animate/static/images/634/3/20492eazxnob4lyl.jpg'
Copying '/home/yuntao/firstdemo/animate/static/images/634/3/20241f4wys4dfylq.jpg'
Copying '/home/yuntao/firstdemo/animate/static/images/634/3/20150xb3rja3zgun.jpg'
Copying '/home/yuntao/firstdemo/animate/static/images/634/3/20424ycx0brhf1tm.jpg'
Copying '/home/yuntao/firstdemo/animate/static/images/634/3/205002q4vctllq0c.jpg'
Copying '/home/yuntao/firstdemo/animate/static/images/634/3/20223j5awmiagdlj.jpg'
Copying '/home/yuntao/firstdemo/animate/static/images/634/3/2045000ugkqk5thx.jpg'
Copying '/home/yuntao/firstdemo/animate/static/images/634/19/176yer00l5afft.jpg'
Copying '/home/yuntao/firstdemo/animate/static/images/634/19/175zcxx1ng4nnh.jpg'
Copying '/home/yuntao/firstdemo/animate/static/images/634/19/177yga5gfh2hxq.jpg'
Copying '/home/yuntao/firstdemo/animate/static/images/634/19/167zt2r0ibmiv4.jpg'
Copying '/home/yuntao/firstdemo/animate/static/images/634/19/166353hf2djdaf.jpg'
Copying '/home/yuntao/firstdemo/animate/static/images/634/19/191lfntka4e514.jpg'
Copying '/home/yuntao/firstdemo/animate/static/images/634/19/1632occb2njij5.jpg'
Copying '/home/yuntao/firstdemo/animate/static/images/634/19/179vw1nz4aaxg2.jpg'
Copying '/home/yuntao/firstdemo/animate/static/images/634/19/193txmu2syjbfp.jpg'
Copying '/home/yuntao/firstdemo/animate/static/images/634/19/190hcrhbcvlpof.jpg'
Copying '/home/yuntao/firstdemo/animate/static/images/634/19/181i43kdm2cbqb.jpg'
Copying '/home/yuntao/firstdemo/animate/static/images/634/19/1855curuojvl4f.jpg'
Copying '/home/yuntao/firstdemo/animate/static/images/634/19/1844d4hqsmrv5c.jpg'
Copying '/home/yuntao/firstdemo/animate/static/images/634/19/180tp312pmvjsl.jpg'
Copying '/home/yuntao/firstdemo/animate/static/images/634/19/172iads2v1hf1l.jpg'
Copying '/home/yuntao/firstdemo/animate/static/images/634/19/168mvl1am302m2.jpg'
Copying '/home/yuntao/firstdemo/animate/static/images/634/19/182cisokaoon0l.jpg'
Copying '/home/yuntao/firstdemo/animate/static/images/634/19/171120vybr2dqc.jpg'
Copying '/home/yuntao/firstdemo/animate/static/images/634/19/162qdpex3xjcjm.jpg'
Copying '/home/yuntao/firstdemo/animate/static/images/634/19/1692xke5fxd2fy.jpg'
Copying '/home/yuntao/firstdemo/animate/static/images/634/19/199n4ghqnjsttb.jpg'
Copying '/home/yuntao/firstdemo/animate/static/images/634/19/1783ly1qqjqu0f.jpg'
Copying '/home/yuntao/firstdemo/animate/static/images/634/19/173ieylzjydkdz.jpg'
Copying '/home/yuntao/firstdemo/animate/static/images/634/19/174nbggvlbu211.jpg'
Copying '/home/yuntao/firstdemo/animate/static/images/634/19/197ujmntwcllp3.jpg'
Copying '/home/yuntao/firstdemo/animate/static/images/634/19/183s2jhutvwrup.jpg'
Copying '/home/yuntao/firstdemo/animate/static/images/634/19/1964xfpeoosm2g.jpg'
Copying '/home/yuntao/firstdemo/animate/static/images/634/19/165wnx5mpmwzbz.jpg'
Copying '/home/yuntao/firstdemo/animate/static/images/634/19/186rimgkm00jgg.jpg'
Copying '/home/yuntao/firstdemo/animate/static/images/634/19/198rx2qebe55j5.jpg'
Copying '/home/yuntao/firstdemo/animate/static/images/634/19/170o0lvocofyyn.jpg'
Copying '/home/yuntao/firstdemo/animate/static/images/634/19/164eczhbodzxlz.jpg'
Copying '/home/yuntao/firstdemo/animate/static/images/634/23/1411gqx2be135.jpg'
Copying '/home/yuntao/firstdemo/animate/static/images/634/23/43fcd2gt1vdup.jpg'
Copying '/home/yuntao/firstdemo/animate/static/images/634/23/37s2neamsyku3.jpg'
Copying '/home/yuntao/firstdemo/animate/static/images/634/23/24mjxkoliakdt.jpg'
Copying '/home/yuntao/firstdemo/animate/static/images/634/23/5st3eeuaj00j.jpg'
Copying '/home/yuntao/firstdemo/animate/static/images/634/23/35lwblxq5aabd.jpg'
Copying '/home/yuntao/firstdemo/animate/static/images/634/23/49jq4hkxi00ho.jpg'
Copying '/home/yuntao/firstdemo/animate/static/images/634/23/38eawoof4pdi3.jpg'
Copying '/home/yuntao/firstdemo/animate/static/images/634/23/30kfvevc0fps1.jpg'
Copying '/home/yuntao/firstdemo/animate/static/images/634/23/23ip3xujtzqi0.jpg'
Copying '/home/yuntao/firstdemo/animate/static/images/634/23/15hwiizdpr4c2.jpg'
Copying '/home/yuntao/firstdemo/animate/static/images/634/23/13kxnxumivnwf.jpg'
Copying '/home/yuntao/firstdemo/animate/static/images/634/23/7ls5dn0rrrct.jpg'
Copying '/home/yuntao/firstdemo/animate/static/images/634/23/33lnwfnwjnmx1.jpg'
Copying '/home/yuntao/firstdemo/animate/static/images/634/23/262dc4okitgqc.jpg'
Copying '/home/yuntao/firstdemo/animate/static/images/634/23/52arsm1nlhvi2.jpg'
Copying '/home/yuntao/firstdemo/animate/static/images/634/23/2l1mnq5bond0.jpg'
Copying '/home/yuntao/firstdemo/animate/static/images/634/23/51d3v1z2lahgn.jpg'
Copying '/home/yuntao/firstdemo/animate/static/images/634/23/41nsjayfwpgey.jpg'
Copying '/home/yuntao/firstdemo/animate/static/images/634/23/16fibwlqqnako.jpg'
Copying '/home/yuntao/firstdemo/animate/static/images/634/23/32umq0xka51rb.jpg'
Copying '/home/yuntao/firstdemo/animate/static/images/634/23/28q1qmwdys2vo.jpg'
Copying '/home/yuntao/firstdemo/animate/static/images/634/23/10xnbgeuv5kkp.jpg'
Copying '/home/yuntao/firstdemo/animate/static/images/634/23/45qx1va3m21ae.jpg'
Copying '/home/yuntao/firstdemo/animate/static/images/634/23/20euj22dpxmt3.jpg'
Copying '/home/yuntao/firstdemo/animate/static/images/634/23/9w3hcd5iiqpi.jpg'
Copying '/home/yuntao/firstdemo/animate/static/images/634/23/47z4ubkbk0d2q.jpg'
Copying '/home/yuntao/firstdemo/animate/static/images/634/23/17w12gyymochv.jpg'
Copying '/home/yuntao/firstdemo/animate/static/images/634/23/39f4uceh3j2lt.jpg'
Copying '/home/yuntao/firstdemo/animate/static/images/634/23/21maf0odw5lbs.jpg'
Copying '/home/yuntao/firstdemo/animate/static/images/634/23/25wkogos33u5z.jpg'
Copying '/home/yuntao/firstdemo/animate/static/images/634/23/4614acwbbmpnu.jpg'
Copying '/home/yuntao/firstdemo/animate/static/images/634/23/344ob5zsb4b3l.jpg'
Copying '/home/yuntao/firstdemo/animate/static/images/634/23/12jwp1hiigkud.jpg'
Copying '/home/yuntao/firstdemo/animate/static/images/634/23/4421t3yfrhhla.jpg'
Copying '/home/yuntao/firstdemo/animate/static/images/634/23/48lkhcbqpj1tv.jpg'
Copying '/home/yuntao/firstdemo/animate/static/images/634/24/1160a1picfxcqt.jpg'
Copying '/home/yuntao/firstdemo/animate/static/images/634/24/143jnsl0fex1lv.jpg'
Copying '/home/yuntao/firstdemo/animate/static/images/634/24/110hf1agsogi3g.jpg'
Copying '/home/yuntao/firstdemo/animate/static/images/634/24/1421y4y5txag3w.jpg'
Copying '/home/yuntao/firstdemo/animate/static/images/634/24/107l5mlmxp4xmu.jpg'
Copying '/home/yuntao/firstdemo/animate/static/images/634/24/118zjrw3ofmt1l.jpg'
Copying '/home/yuntao/firstdemo/animate/static/images/634/24/1154dk4tjkzudv.jpg'
Copying '/home/yuntao/firstdemo/animate/static/images/634/24/137ctcmy3b1ggd.jpg'
Copying '/home/yuntao/firstdemo/animate/static/images/634/24/140efk4vsf4ywd.jpg'
Copying '/home/yuntao/firstdemo/animate/static/images/634/24/1351n33asxseuv.jpg'
Copying '/home/yuntao/firstdemo/animate/static/images/634/24/130jkl23iaeglt.jpg'
Copying '/home/yuntao/firstdemo/animate/static/images/634/24/1172hskbtzo5f4.jpg'
Copying '/home/yuntao/firstdemo/animate/static/images/634/24/108afrwn5wb4dc.jpg'
Copying '/home/yuntao/firstdemo/animate/static/images/634/24/109qaef3valofm.jpg'
Copying '/home/yuntao/firstdemo/animate/static/images/634/24/111s4rbukbgg1a.jpg'
Copying '/home/yuntao/firstdemo/animate/static/images/634/24/138yp4dk10vkbz.jpg'
Copying '/home/yuntao/firstdemo/animate/static/images/634/24/122c5zjtuudrw0.jpg'
Copying '/home/yuntao/firstdemo/animate/static/images/634/24/124jpb1bzhjche.jpg'
Copying '/home/yuntao/firstdemo/animate/static/images/634/24/125i5abxstulqm.jpg'
Copying '/home/yuntao/firstdemo/animate/static/images/634/24/1342gwpqhujool.jpg'
Copying '/home/yuntao/firstdemo/animate/static/images/634/24/113sjkox4040mt.jpg'
Copying '/home/yuntao/firstdemo/animate/static/images/634/24/112ueujtmr2s5k.jpg'
Copying '/home/yuntao/firstdemo/animate/static/images/634/24/120qq4v0axhevm.jpg'
Copying '/home/yuntao/firstdemo/animate/static/images/634/24/121vlahbj4izxb.jpg'
Copying '/home/yuntao/firstdemo/animate/static/images/634/24/114nzhm3gysbew.jpg'
Copying '/home/yuntao/firstdemo/animate/static/images/634/24/141hcb5jl0vbfq.jpg'
Copying '/home/yuntao/firstdemo/animate/static/images/634/24/126a23s5ewcrfd.jpg'
Copying '/home/yuntao/firstdemo/animate/static/images/634/24/136xewbjfh3e42.jpg'
Copying '/home/yuntao/firstdemo/animate/static/images/634/24/1234tyam5o3ide.jpg'
Copying '/home/yuntao/firstdemo/animate/static/images/634/24/129blj4dnp50ld.jpg'
Copying '/home/yuntao/firstdemo/animate/static/images/634/24/119kyr2kshn1p4.jpg'
Copying '/home/yuntao/firstdemo/animate/static/images/634/24/128opa0inasbdg.jpg'
Copying '/home/yuntao/firstdemo/animate/static/images/634/24/127h3whaaah51t.jpg'
Copying '/home/yuntao/firstdemo/animate/static/images/634/24/133wpbcjqxohvz.jpg'
Copying '/home/yuntao/firstdemo/animate/static/images/634/24/132purl5wh00o2.jpg'
Copying '/home/yuntao/firstdemo/animate/static/images/634/24/139wgnm4dcw0ip.jpg'
Copying '/home/yuntao/firstdemo/animate/static/images/634/24/131zxtysg12pzs.jpg'
Copying '/home/yuntao/firstdemo/animate/static/images/634/12/21790zn2eolbwhsv.jpg'
Copying '/home/yuntao/firstdemo/animate/static/images/634/12/2175111ls0mzgfdw.jpg'
Copying '/home/yuntao/firstdemo/animate/static/images/634/12/217304ya4w0tjmwf.jpg'
Copying '/home/yuntao/firstdemo/animate/static/images/634/12/217795iyxwgeqfvl.jpg'
Copying '/home/yuntao/firstdemo/animate/static/images/634/12/21748wq3fes2dzwd.jpg'
Copying '/home/yuntao/firstdemo/animate/static/images/634/12/21765y4lvhlcqkap.jpg'
Copying '/home/yuntao/firstdemo/animate/static/images/634/12/217155bpw5rqlara.jpg'
Copying '/home/yuntao/firstdemo/animate/static/images/634/12/21740bllr0nxtjt5.jpg'
Copying '/home/yuntao/firstdemo/animate/static/images/634/12/21725znxdbyxd5j5.jpg'
Copying '/home/yuntao/firstdemo/animate/static/images/634/12/21734qreo24t0i12.jpg'
Copying '/home/yuntao/firstdemo/animate/static/images/634/12/2175345h5r5vwsyt.jpg'
Copying '/home/yuntao/firstdemo/animate/static/images/634/12/21803cq4myx5scpf.jpg'
Copying '/home/yuntao/firstdemo/animate/static/images/634/12/21743bzazoudd01q.jpg'
Copying '/home/yuntao/firstdemo/animate/static/images/634/12/21713favjbiuzsrx.jpg'
Copying '/home/yuntao/firstdemo/animate/static/images/634/12/21756e5puyugxj4x.jpg'
Copying '/home/yuntao/firstdemo/animate/static/images/634/12/21729nwj0mgqmeet.jpg'
Copying '/home/yuntao/firstdemo/animate/static/images/634/12/21710omveijbfe22.jpg'
Copying '/home/yuntao/firstdemo/animate/static/images/634/12/217724inmojtcgau.jpg'
Copying '/home/yuntao/firstdemo/animate/static/images/634/12/21726x4idxqyj5c3.jpg'
Copying '/home/yuntao/firstdemo/animate/static/images/634/12/21745ypjhl4wyxqc.jpg'
Copying '/home/yuntao/firstdemo/animate/static/images/634/12/21738re5reyy1d4r.jpg'
Copying '/home/yuntao/firstdemo/animate/static/images/634/12/217972s43p0pvrug.jpg'
Copying '/home/yuntao/firstdemo/animate/static/images/634/12/217325fyqy35ewe0.jpg'
Copying '/home/yuntao/firstdemo/animate/static/images/634/12/21706ppxvxxf4vrd.jpg'
Copying '/home/yuntao/firstdemo/animate/static/images/634/12/21728z34jdufxi24.jpg'
Copying '/home/yuntao/firstdemo/animate/static/images/634/12/21719ovka2e3qa2u.jpg'
Copying '/home/yuntao/firstdemo/animate/static/images/634/12/21761nz4ubzacq2x.jpg'
Copying '/home/yuntao/firstdemo/animate/static/images/634/12/2172141svkoo1spi.jpg'
Copying '/home/yuntao/firstdemo/animate/static/images/634/12/21717scfnwtejtx2.jpg'
Copying '/home/yuntao/firstdemo/animate/static/images/634/12/21736r53ioytd0rf.jpg'
Copying '/home/yuntao/firstdemo/animate/static/images/634/12/217415mma5sddzv2.jpg'
Copying '/home/yuntao/firstdemo/animate/static/images/634/12/21784zw4mzzfh20f.jpg'
Copying '/home/yuntao/firstdemo/animate/static/images/634/6/21046u2twm4yl3r0.jpg'
Copying '/home/yuntao/firstdemo/animate/static/images/634/6/21217wczlizt0vzs.jpg'
Copying '/home/yuntao/firstdemo/animate/static/images/634/6/21095v2nbaj2ewka.jpg'
Copying '/home/yuntao/firstdemo/animate/static/images/634/6/21287pf4xjs4mae5.jpg'
Copying '/home/yuntao/firstdemo/animate/static/images/634/6/20691dmwjd0k1l2l.jpg'
Copying '/home/yuntao/firstdemo/animate/static/images/634/6/21138z3ogw0jgyca.jpg'
Copying '/home/yuntao/firstdemo/animate/static/images/634/6/20651mdetlobjspx.jpg'
Copying '/home/yuntao/firstdemo/animate/static/images/634/6/21327riouve1hpf1.jpg'
Copying '/home/yuntao/firstdemo/animate/static/images/634/6/2127415k0jjvyo2u.jpg'
Copying '/home/yuntao/firstdemo/animate/static/images/634/6/20667j5d5e3oahjm.jpg'
Copying '/home/yuntao/firstdemo/animate/static/images/634/6/20648tttlg0xayhz.jpg'
Copying '/home/yuntao/firstdemo/animate/static/images/634/6/21182rqgsq5ehfkm.jpg'
Copying '/home/yuntao/firstdemo/animate/static/images/634/6/21018odbc1fbt3re.jpg'
Copying '/home/yuntao/firstdemo/animate/static/images/634/6/20683jxd1nsmzube.jpg'
Copying '/home/yuntao/firstdemo/animate/static/images/634/6/20687exiivivoytj.jpg'
Copying '/home/yuntao/firstdemo/animate/static/images/634/6/21009mlqrkukombm.jpg'
Copying '/home/yuntao/firstdemo/animate/static/images/634/6/21074pvt4ot4myrj.jpg'
Copying '/home/yuntao/firstdemo/animate/static/images/634/6/213135yg1tbug3sr.jpg'
Copying '/home/yuntao/firstdemo/animate/static/images/634/6/21252xyec02jwyoy.jpg'
Copying '/home/yuntao/firstdemo/animate/static/images/634/6/21301tn41gim5qsv.jpg'
Copying '/home/yuntao/firstdemo/animate/static/images/634/6/20663rvf44u2lggr.jpg'
Copying '/home/yuntao/firstdemo/animate/static/images/634/6/21149e2uzav4spxt.jpg'
Copying '/home/yuntao/firstdemo/animate/static/images/634/6/210642e0pmd25mxm.jpg'
Copying '/home/yuntao/firstdemo/animate/static/images/634/6/20671rjwwkji2tib.jpg'
Copying '/home/yuntao/firstdemo/animate/static/images/634/6/211061gys1jzrltt.jpg'
Copying '/home/yuntao/firstdemo/animate/static/images/634/6/21038x5f2ucanjyy.jpg'
Copying '/home/yuntao/firstdemo/animate/static/images/634/6/21241lq2rcvdibz1.jpg'
Copying '/home/yuntao/firstdemo/animate/static/images/634/6/21169jilj4azyfl4.jpg'
Copying '/home/yuntao/firstdemo/animate/static/images/634/6/21192oz4k5jpbjsm.jpg'
Copying '/home/yuntao/firstdemo/animate/static/images/634/6/20655aioh0y351z3.jpg'
Copying '/home/yuntao/firstdemo/animate/static/images/634/6/21116bfspfqo0tfo.jpg'
Copying '/home/yuntao/firstdemo/animate/static/images/634/6/211615mqhylpngea.jpg'
Copying '/home/yuntao/firstdemo/animate/static/images/634/6/20659j5xppihxaci.jpg'
Copying '/home/yuntao/firstdemo/animate/static/images/634/6/20679qtpvwd1gca3.jpg'
Copying '/home/yuntao/firstdemo/animate/static/images/634/6/210284nu3gse4pjz.jpg'
Copying '/home/yuntao/firstdemo/animate/static/images/634/6/21086vmchftgmg05.jpg'
Copying '/home/yuntao/firstdemo/animate/static/images/634/6/21127z2jgttjrbwn.jpg'
Copying '/home/yuntao/firstdemo/animate/static/images/634/6/212313s3wz4gr0sg.jpg'
Copying '/home/yuntao/firstdemo/animate/static/images/634/6/20675bvwecnevoyi.jpg'
Copying '/home/yuntao/firstdemo/animate/static/images/634/6/21206khwrs100px3.jpg'
Copying '/home/yuntao/firstdemo/animate/static/images/634/6/21337ntqvcplmokl.jpg'
Copying '/home/yuntao/firstdemo/animate/static/images/634/6/2126530fkk0i4lrv.jpg'
Copying '/home/yuntao/firstdemo/animate/static/images/634/6/21055rf1nfvh5ja5.jpg'
Copying '/home/yuntao/firstdemo/animate/static/images/634/6/20696p5kb5qknd4z.jpg'
Copying '/home/yuntao/firstdemo/animate/static/images/634/30/265ahwcbbanvn4.jpg'
Copying '/home/yuntao/firstdemo/animate/static/images/634/30/318vm4psugwmky.jpg'
Copying '/home/yuntao/firstdemo/animate/static/images/634/30/287amibiimcnxo.jpg'
Copying '/home/yuntao/firstdemo/animate/static/images/634/30/319mjsk1wvptnu.jpg'
Copying '/home/yuntao/firstdemo/animate/static/images/634/30/301zeig51kgkoa.jpg'
Copying '/home/yuntao/firstdemo/animate/static/images/634/30/257utim11f2dgr.jpg'
Copying '/home/yuntao/firstdemo/animate/static/images/634/30/2590mohy2ojdpz.jpg'
Copying '/home/yuntao/firstdemo/animate/static/images/634/30/309xwheasy51sf.jpg'
Copying '/home/yuntao/firstdemo/animate/static/images/634/30/293sixtjvjrelc.jpg'
Copying '/home/yuntao/firstdemo/animate/static/images/634/30/316tkvisuwcnbv.jpg'
Copying '/home/yuntao/firstdemo/animate/static/images/634/30/320b1du3m4wnbo.jpg'
Copying '/home/yuntao/firstdemo/animate/static/images/634/30/304zoplhaxlcac.jpg'
Copying '/home/yuntao/firstdemo/animate/static/images/634/30/315bbin4a35o2x.jpg'
Copying '/home/yuntao/firstdemo/animate/static/images/634/30/271olxnyic0a4p.jpg'
Copying '/home/yuntao/firstdemo/animate/static/images/634/30/263v3pe25lptke.jpg'
Copying '/home/yuntao/firstdemo/animate/static/images/634/30/28804burdndgmk.jpg'
Copying '/home/yuntao/firstdemo/animate/static/images/634/30/297shkt3uoduih.jpg'
Copying '/home/yuntao/firstdemo/animate/static/images/634/30/321qhojg52tbuu.jpg'
Copying '/home/yuntao/firstdemo/animate/static/images/634/30/2760grrkx2ihek.jpg'
Copying '/home/yuntao/firstdemo/animate/static/images/634/30/313qwpgncgeeqk.jpg'
Copying '/home/yuntao/firstdemo/animate/static/images/634/30/307mj1di5ai2o1.jpg'
Copying '/home/yuntao/firstdemo/animate/static/images/634/30/299zzkcjovgsba.jpg'
Copying '/home/yuntao/firstdemo/animate/static/images/634/30/3104kf3k0jemda.jpg'
Copying '/home/yuntao/firstdemo/animate/static/images/634/30/305idk5duejwc4.jpg'
Copying '/home/yuntao/firstdemo/animate/static/images/634/30/3082lrmhjgdjy1.jpg'
Copying '/home/yuntao/firstdemo/animate/static/images/634/30/314mzf4y4zsibd.jpg'
Copying '/home/yuntao/firstdemo/animate/static/images/634/30/2830epofrcvguf.jpg'
Copying '/home/yuntao/firstdemo/animate/static/images/634/30/31724juwz3knw4.jpg'
Copying '/home/yuntao/firstdemo/animate/static/images/634/30/275kxgk0hvllta.jpg'
Copying '/home/yuntao/firstdemo/animate/static/images/634/30/273weuhutmlktp.jpg'
Copying '/home/yuntao/firstdemo/animate/static/images/634/30/279avcqiodwb2l.jpg'
Copying '/home/yuntao/firstdemo/animate/static/images/634/30/312z4x4glkrk3n.jpg'
Copying '/home/yuntao/firstdemo/animate/static/images/634/30/311brlm3sxokd5.jpg'
Copying '/home/yuntao/firstdemo/animate/static/images/634/30/268lcjva12cnzi.jpg'
Copying '/home/yuntao/firstdemo/animate/static/images/634/30/294w2m2bkl45al.jpg'
Copying '/home/yuntao/firstdemo/animate/static/images/634/30/274flxc5dpmdrq.jpg'
Copying '/home/yuntao/firstdemo/animate/static/images/634/30/306m2uana3lupk.jpg'
Copying '/home/yuntao/firstdemo/animate/static/images/634/30/2705k4z4v4hwjt.jpg'
Copying '/home/yuntao/firstdemo/animate/static/images/634/30/264wdpftxy0mvh.jpg'
Copying '/home/yuntao/firstdemo/animate/static/images/634/30/289rmiqbwv2th5.jpg'
Copying '/home/yuntao/firstdemo/animate/static/images/634/30/278zvdabcnfe0r.jpg'
Copying '/home/yuntao/firstdemo/animate/static/images/634/30/291ncddbffdusz.jpg'
Copying '/home/yuntao/firstdemo/animate/static/images/634/13/93ryni2q0ywz.jpg'
Copying '/home/yuntao/firstdemo/animate/static/images/634/13/33xmqsiq0m113.jpg'
Copying '/home/yuntao/firstdemo/animate/static/images/634/13/15r2ih4fgukpf.jpg'
Copying '/home/yuntao/firstdemo/animate/static/images/634/13/24v1p5zgbicdj.jpg'
Copying '/home/yuntao/firstdemo/animate/static/images/634/13/57tkxt0qwgojb.jpg'
Copying '/home/yuntao/firstdemo/animate/static/images/634/13/50hmw2eqcmqzb.jpg'
Copying '/home/yuntao/firstdemo/animate/static/images/634/13/552eyivfrehsy.jpg'
Copying '/home/yuntao/firstdemo/animate/static/images/634/13/294cqkudpmfld.jpg'
Copying '/home/yuntao/firstdemo/animate/static/images/634/13/483vqk00j51ky.jpg'
Copying '/home/yuntao/firstdemo/animate/static/images/634/13/20zfkvslpbwpm.jpg'
Copying '/home/yuntao/firstdemo/animate/static/images/634/13/3de4u0ya1o3f.jpg'
Copying '/home/yuntao/firstdemo/animate/static/images/634/13/64tff1stvnr51.jpg'
Copying '/home/yuntao/firstdemo/animate/static/images/634/13/53a541kbwyzra.jpg'
Copying '/home/yuntao/firstdemo/animate/static/images/634/13/6tute5zbt24o.jpg'
Copying '/home/yuntao/firstdemo/animate/static/images/634/13/35x423y3jleuc.jpg'
Copying '/home/yuntao/firstdemo/animate/static/images/634/13/41zfniwdkbueq.jpg'
Copying '/home/yuntao/firstdemo/animate/static/images/634/13/46trzwh3u0bne.jpg'
Copying '/home/yuntao/firstdemo/animate/static/images/634/13/58tdkziracq1x.jpg'
Copying '/home/yuntao/firstdemo/animate/static/images/634/13/51dk1vul1vnwx.jpg'
Copying '/home/yuntao/firstdemo/animate/static/images/634/13/2muanstguorf.jpg'
Copying '/home/yuntao/firstdemo/animate/static/images/634/13/71lzrgv334ktk.jpg'
Copying '/home/yuntao/firstdemo/animate/static/images/634/13/11qmg2a5ej1pl.jpg'
Copying '/home/yuntao/firstdemo/animate/static/images/634/13/68ppuem45pe3f.jpg'
Copying '/home/yuntao/firstdemo/animate/static/images/634/13/56hilhyqrehln.jpg'
Copying '/home/yuntao/firstdemo/animate/static/images/634/13/39o5mut3ifpln.jpg'
Copying '/home/yuntao/firstdemo/animate/static/images/634/13/54woqjcorf5r1.jpg'
Copying '/home/yuntao/firstdemo/animate/static/images/634/13/52pbowdrs0mtt.jpg'
Copying '/home/yuntao/firstdemo/animate/static/images/634/13/1h1weu5zqyyv.jpg'
Copying '/home/yuntao/firstdemo/animate/static/images/634/13/70ivcinq2oips.jpg'
Copying '/home/yuntao/firstdemo/animate/static/images/634/13/28fklbekp2yfx.jpg'
Copying '/home/yuntao/firstdemo/animate/static/images/634/13/18ty13ecdj0rw.jpg'
Copying '/home/yuntao/firstdemo/animate/static/images/634/13/61w0qvuwnwxpm.jpg'
Copying '/home/yuntao/firstdemo/animate/static/images/634/13/22itycxkj5adh.jpg'
Copying '/home/yuntao/firstdemo/animate/static/images/634/13/74xc3bsygghtk.jpg'
Copying '/home/yuntao/firstdemo/animate/static/images/634/13/664dr2nla13pl.jpg'
Copying '/home/yuntao/firstdemo/animate/static/images/634/11/217040jgufq2hrgf.jpg'
Copying '/home/yuntao/firstdemo/animate/static/images/634/11/21679jzq02mzs3kv.jpg'
Copying '/home/yuntao/firstdemo/animate/static/images/634/11/21700jow23isykvs.jpg'
Copying '/home/yuntao/firstdemo/animate/static/images/634/11/21656x3liy1jafmt.jpg'
Copying '/home/yuntao/firstdemo/animate/static/images/634/11/21707gt3rw4t1fs2.jpg'
Copying '/home/yuntao/firstdemo/animate/static/images/634/11/21663k5ctdiowtfu.jpg'
Copying '/home/yuntao/firstdemo/animate/static/images/634/11/21677abtxmn2q50l.jpg'
Copying '/home/yuntao/firstdemo/animate/static/images/634/11/21696ziohabk5qgb.jpg'
Copying '/home/yuntao/firstdemo/animate/static/images/634/11/21692lp5td3ib4mk.jpg'
Copying '/home/yuntao/firstdemo/animate/static/images/634/11/21652l0kx04m1bvf.jpg'
Copying '/home/yuntao/firstdemo/animate/static/images/634/11/21681h4reg3praq0.jpg'
Copying '/home/yuntao/firstdemo/animate/static/images/634/11/21688bw1cfwv2zgn.jpg'
Copying '/home/yuntao/firstdemo/animate/static/images/634/11/21675z2sbkfy4ctw.jpg'
Copying '/home/yuntao/firstdemo/animate/static/images/634/11/2168555ychrzj1cy.jpg'
Copying '/home/yuntao/firstdemo/animate/static/images/634/11/21650dc2fp1uucp1.jpg'
Copying '/home/yuntao/firstdemo/animate/static/images/634/11/216615cthflg3klu.jpg'
Copying '/home/yuntao/firstdemo/animate/static/images/634/11/21653cpp2owwkhgo.jpg'
Copying '/home/yuntao/firstdemo/animate/static/images/634/11/21662nbsxxp2k0fb.jpg'
Copying '/home/yuntao/firstdemo/animate/static/images/634/11/216700tsempngg51.jpg'
Copying '/home/yuntao/firstdemo/animate/static/images/634/11/2169120rmsk4rfxz.jpg'
Copying '/home/yuntao/firstdemo/animate/static/images/634/11/21668ctp3gbp2gbo.jpg'
Copying '/home/yuntao/firstdemo/animate/static/images/634/11/21666utoro5uaufx.jpg'
Copying '/home/yuntao/firstdemo/animate/static/images/634/11/21660i54kd3iqjfy.jpg'
Copying '/home/yuntao/firstdemo/animate/static/images/634/11/21683g5prvfk1voh.jpg'
Copying '/home/yuntao/firstdemo/animate/static/images/634/11/21689j5hkk5gx2qc.jpg'
Copying '/home/yuntao/firstdemo/animate/static/images/634/11/21686n3jaou5dqxh.jpg'
Copying '/home/yuntao/firstdemo/animate/static/images/634/11/21695xjl41bcywt1.jpg'
Copying '/home/yuntao/firstdemo/animate/static/images/634/11/216582udxnflwaav.jpg'
Copying '/home/yuntao/firstdemo/animate/static/images/634/11/216741qipuimdhns.jpg'
Copying '/home/yuntao/firstdemo/animate/static/images/634/11/216725kpub1aeb1n.jpg'
Copying '/home/yuntao/firstdemo/animate/static/images/634/11/21711dfcr3kwp1g0.jpg'
Copying '/home/yuntao/firstdemo/animate/static/images/634/11/21698lr000vs0vjj.jpg'
Copying '/home/yuntao/firstdemo/animate/static/images/634/11/21697forpnf2dbc4.jpg'
Copying '/home/yuntao/firstdemo/animate/static/images/634/11/21654iewymunfxvi.jpg'
Copying '/home/yuntao/firstdemo/animate/static/images/634/11/21659rdzx0qbiwl0.jpg'
Copying '/home/yuntao/firstdemo/animate/static/images/634/11/21664qp04ztz3beb.jpg'
Copying '/home/yuntao/firstdemo/animate/static/images/634/16/47134u52obeonn2z.jpg'
Copying '/home/yuntao/firstdemo/animate/static/images/634/16/47086klaio5wgvrv.jpg'
Copying '/home/yuntao/firstdemo/animate/static/images/634/16/47092uktgaimoz2t.jpg'
Copying '/home/yuntao/firstdemo/animate/static/images/634/16/47100kfkpo1e1zpr.jpg'
Copying '/home/yuntao/firstdemo/animate/static/images/634/16/4714221hnsn4tpcv.jpg'
Copying '/home/yuntao/firstdemo/animate/static/images/634/16/47137ye0gafrphij.jpg'
Copying '/home/yuntao/firstdemo/animate/static/images/634/16/47157l5hieayktm4.jpg'
Copying '/home/yuntao/firstdemo/animate/static/images/634/16/47099oojs40e52bl.jpg'
Copying '/home/yuntao/firstdemo/animate/static/images/634/16/47091gbrab3engjr.jpg'
Copying '/home/yuntao/firstdemo/animate/static/images/634/16/47132pmocp455z2z.jpg'
Copying '/home/yuntao/firstdemo/animate/static/images/634/16/47118aedpqwb2uxn.jpg'
Copying '/home/yuntao/firstdemo/animate/static/images/634/16/47112gyetynu4azv.jpg'
Copying '/home/yuntao/firstdemo/animate/static/images/634/16/47140gdyixy3lzic.jpg'
Copying '/home/yuntao/firstdemo/animate/static/images/634/16/47163b3pf3dfgj1o.jpg'
Copying '/home/yuntao/firstdemo/animate/static/images/634/16/47127hjddbmvrh3v.jpg'
Copying '/home/yuntao/firstdemo/animate/static/images/634/16/471515puybvhimuv.jpg'
Copying '/home/yuntao/firstdemo/animate/static/images/634/16/47148jstk3p0uyou.jpg'
Copying '/home/yuntao/firstdemo/animate/static/images/634/16/47117ptihryniymb.jpg'
Copying '/home/yuntao/firstdemo/animate/static/images/634/16/47154ssbbjieeqga.jpg'
Copying '/home/yuntao/firstdemo/animate/static/images/634/16/47124rphyflm3c4c.jpg'
Copying '/home/yuntao/firstdemo/animate/static/images/634/16/47121cwiaj4etcju.jpg'
Copying '/home/yuntao/firstdemo/animate/static/images/634/16/471293tv2yjojtqu.jpg'
Copying '/home/yuntao/firstdemo/animate/static/images/634/16/47110mjvs3k3zxwp.jpg'
Copying '/home/yuntao/firstdemo/animate/static/images/634/16/47084ixs4px1hkkd.jpg'
Copying '/home/yuntao/firstdemo/animate/static/images/634/16/47108wehyimuyow4.jpg'
Copying '/home/yuntao/firstdemo/animate/static/images/634/16/4716123u0ljcy0vi.jpg'
Copying '/home/yuntao/firstdemo/animate/static/images/634/16/47144fjjemt1mpme.jpg'
Copying '/home/yuntao/firstdemo/animate/static/images/634/16/47096n5gnrkfrsdi.jpg'
Copying '/home/yuntao/firstdemo/animate/static/images/634/16/47156vu55l3iznd0.jpg'
Copying '/home/yuntao/firstdemo/animate/static/images/634/16/47087zc0noxtgdcy.jpg'
Copying '/home/yuntao/firstdemo/animate/static/images/634/16/47103nmgsgfz3scp.jpg'
Copying '/home/yuntao/firstdemo/animate/static/images/634/16/47115wgripbo0puf.jpg'
Copying '/home/yuntao/firstdemo/animate/static/images/634/16/47150jqjmdkmdjfz.jpg'
Copying '/home/yuntao/firstdemo/animate/static/images/634/16/47105yoen0j4z3mo.jpg'
Copying '/home/yuntao/firstdemo/animate/static/images/634/2/20312dyer2h5ibzr.jpg'
Copying '/home/yuntao/firstdemo/animate/static/images/634/2/20164bilturxamgj.jpg'
Copying '/home/yuntao/firstdemo/animate/static/images/634/2/20215eygjqllk5oo.jpg'
Copying '/home/yuntao/firstdemo/animate/static/images/634/2/201072h5vocsxeh0.jpg'
Copying '/home/yuntao/firstdemo/animate/static/images/634/2/202603lnvy5a4xpc.jpg'
Copying '/home/yuntao/firstdemo/animate/static/images/634/2/20286024bidb2xov.jpg'
Copying '/home/yuntao/firstdemo/animate/static/images/634/2/20331kxtpzazdaqi.jpg'
Copying '/home/yuntao/firstdemo/animate/static/images/634/2/20156ethekfe3hb1.jpg'
Copying '/home/yuntao/firstdemo/animate/static/images/634/2/20410311lm02n0ur.jpg'
Copying '/home/yuntao/firstdemo/animate/static/images/634/2/20250v3hovsw2tuq.jpg'
Copying '/home/yuntao/firstdemo/animate/static/images/634/2/20206uqlllqx0z5p.jpg'
Copying '/home/yuntao/firstdemo/animate/static/images/634/2/20101speo1ff1dmv.jpg'
Copying '/home/yuntao/firstdemo/animate/static/images/634/2/202964me5gok14gw.jpg'
Copying '/home/yuntao/firstdemo/animate/static/images/634/2/20378rsepw11eqac.jpg'
Copying '/home/yuntao/firstdemo/animate/static/images/634/2/20199gbcu2f1fwg1.jpg'
Copying '/home/yuntao/firstdemo/animate/static/images/634/2/20243yuc5n3xubaq.jpg'
Copying '/home/yuntao/firstdemo/animate/static/images/634/2/20429kqe140l03ch.jpg'
Copying '/home/yuntao/firstdemo/animate/static/images/634/2/20448hi5lmxexkbx.jpg'
Copying '/home/yuntao/firstdemo/animate/static/images/634/2/20267aie1s2cboe0.jpg'
Copying '/home/yuntao/firstdemo/animate/static/images/634/2/20475vpcjmcpqmwg.jpg'
Copying '/home/yuntao/firstdemo/animate/static/images/634/2/20322npmb3lo2cpt.jpg'
Copying '/home/yuntao/firstdemo/animate/static/images/634/2/20278ldj3fwj3nuz.jpg'
Copying '/home/yuntao/firstdemo/animate/static/images/634/2/20173b210sg25hdk.jpg'
Copying '/home/yuntao/firstdemo/animate/static/images/634/2/204214ml1l0sgbcp.jpg'
Copying '/home/yuntao/firstdemo/animate/static/images/634/2/20121g2bcafcnrej.jpg'
Copying '/home/yuntao/firstdemo/animate/static/images/634/2/20138vqhjkn0vz0m.jpg'
Copying '/home/yuntao/firstdemo/animate/static/images/634/2/203042t45352ji1v.jpg'
Copying '/home/yuntao/firstdemo/animate/static/images/634/2/20465gif5vll0gxu.jpg'
Copying '/home/yuntao/firstdemo/animate/static/images/634/2/20128bvsnrfjt5ey.jpg'
Copying '/home/yuntao/firstdemo/animate/static/images/634/2/20384usw3iv3vuuf.jpg'
Copying '/home/yuntao/firstdemo/animate/static/images/634/2/20350242dikq4eas.jpg'
Copying '/home/yuntao/firstdemo/animate/static/images/634/2/20404uuy2jftfvi5.jpg'
Copying '/home/yuntao/firstdemo/animate/static/images/634/2/20224oomzb5xzuuz.jpg'
Copying '/home/yuntao/firstdemo/animate/static/images/634/2/20341y13ojl5lr4i.jpg'
Copying '/home/yuntao/firstdemo/animate/static/images/634/2/2018134bo51ywwzt.jpg'
Copying '/home/yuntao/firstdemo/animate/static/images/634/2/20440fgrb5tiingy.jpg'
Copying '/home/yuntao/firstdemo/animate/static/images/634/2/20147lq4uadqefkc.jpg'
Copying '/home/yuntao/firstdemo/animate/static/images/634/2/20359ayn5panqtiu.jpg'
Copying '/home/yuntao/firstdemo/animate/static/images/634/2/202310qua4gxknzu.jpg'
Copying '/home/yuntao/firstdemo/animate/static/images/634/2/20395lznpupvoivd.jpg'
Copying '/home/yuntao/firstdemo/animate/static/images/634/2/20368zy0x2ibcnrl.jpg'
Copying '/home/yuntao/firstdemo/animate/static/images/634/2/2018952vrok23qfw.jpg'
Copying '/home/yuntao/firstdemo/animate/static/images/634/2/20114e3uy5hpkgvs.jpg'
Copying '/home/yuntao/firstdemo/animate/static/images/634/2/20459zvpjvoka0wo.jpg'
Copying '/home/yuntao/firstdemo/animate/static/images/634/20/166sqi45l00ilk.jpg'
Copying '/home/yuntao/firstdemo/animate/static/images/634/20/146d5egm0ufpqu.jpg'
Copying '/home/yuntao/firstdemo/animate/static/images/634/20/160micdlqiyyax.jpg'
Copying '/home/yuntao/firstdemo/animate/static/images/634/20/114c1ekyywp4d1.jpg'
Copying '/home/yuntao/firstdemo/animate/static/images/634/20/112mqxr5umxy22.jpg'
Copying '/home/yuntao/firstdemo/animate/static/images/634/20/11603y5dsqprit.jpg'
Copying '/home/yuntao/firstdemo/animate/static/images/634/20/1171ucpvuql2b1.jpg'
Copying '/home/yuntao/firstdemo/animate/static/images/634/20/168qovvyu4hq2g.jpg'
Copying '/home/yuntao/firstdemo/animate/static/images/634/20/147yt20i0hav4l.jpg'
Copying '/home/yuntao/firstdemo/animate/static/images/634/20/119ifg3fzldrkl.jpg'
Copying '/home/yuntao/firstdemo/animate/static/images/634/20/126shwu02npem4.jpg'
Copying '/home/yuntao/firstdemo/animate/static/images/634/20/1491vgzthwvcfx.jpg'
Copying '/home/yuntao/firstdemo/animate/static/images/634/20/14811cjyerqzy2.jpg'
Copying '/home/yuntao/firstdemo/animate/static/images/634/20/163zdxharhitdt.jpg'
Copying '/home/yuntao/firstdemo/animate/static/images/634/20/131wtpyzdg5p4g.jpg'
Copying '/home/yuntao/firstdemo/animate/static/images/634/20/127ribkam0mvvt.jpg'
Copying '/home/yuntao/firstdemo/animate/static/images/634/20/106lkcbxy1zs4l.jpg'
Copying '/home/yuntao/firstdemo/animate/static/images/634/20/129nevnkg20ugg.jpg'
Copying '/home/yuntao/firstdemo/animate/static/images/634/20/115wkx4v5gxiqf.jpg'
Copying '/home/yuntao/firstdemo/animate/static/images/634/20/123lxbbeaw25qz.jpg'
Copying '/home/yuntao/firstdemo/animate/static/images/634/20/121fq5rq3vxjkr.jpg'
Copying '/home/yuntao/firstdemo/animate/static/images/634/20/151r31nbavfyvw.jpg'
Copying '/home/yuntao/firstdemo/animate/static/images/634/20/145iksjy1zurwe.jpg'
Copying '/home/yuntao/firstdemo/animate/static/images/634/20/128msje2xd1qml.jpg'
Copying '/home/yuntao/firstdemo/animate/static/images/634/20/120oxrqujkpjm4.jpg'
Copying '/home/yuntao/firstdemo/animate/static/images/634/20/108lhhtdsfjldn.jpg'
Copying '/home/yuntao/firstdemo/animate/static/images/634/20/118slvjeh5vz3f.jpg'
Copying '/home/yuntao/firstdemo/animate/static/images/634/20/113ifobfymdxjz.jpg'
Copying '/home/yuntao/firstdemo/animate/static/images/634/20/164g0awrr3rtab.jpg'
Copying '/home/yuntao/firstdemo/animate/static/images/634/20/169bcvfiq3ksnt.jpg'
Copying '/home/yuntao/firstdemo/animate/static/images/634/20/122gir1s2dleph.jpg'
Copying '/home/yuntao/firstdemo/animate/static/images/634/20/143quudquddrfc.jpg'
Copying '/home/yuntao/firstdemo/animate/static/images/634/20/144ondx5bwhviu.jpg'
Copying '/home/yuntao/firstdemo/animate/static/images/634/20/102lnwmyoebybv.jpg'
Copying '/home/yuntao/firstdemo/animate/static/images/634/20/170khtr3brka3s.jpg'
Copying '/home/yuntao/firstdemo/animate/static/images/634/20/10423bcnr3qajm.jpg'
Copying '/home/yuntao/firstdemo/animate/static/images/634/20/132poxatp3stwm.jpg'
Copying '/home/yuntao/firstdemo/animate/static/images/634/20/150wcc0zusxl5h.jpg'
Copying '/home/yuntao/firstdemo/animate/static/images/634/20/130zhkrzpbgyjj.jpg'
Copying '/home/yuntao/firstdemo/animate/static/images/634/9/21366trjz1beodp0.jpg'
Copying '/home/yuntao/firstdemo/animate/static/images/634/9/2140320jabmzfc5e.jpg'
Copying '/home/yuntao/firstdemo/animate/static/images/634/9/21420evhnonnuz42.jpg'
Copying '/home/yuntao/firstdemo/animate/static/images/634/9/21097pouwcoql4wp.jpg'
Copying '/home/yuntao/firstdemo/animate/static/images/634/9/21163kljwp0vmwli.jpg'
Copying '/home/yuntao/firstdemo/animate/static/images/634/9/21266pdxtgktbmoq.jpg'
Copying '/home/yuntao/firstdemo/animate/static/images/634/9/21394qdegy0yx3es.jpg'
Copying '/home/yuntao/firstdemo/animate/static/images/634/9/21243qzay52ytz5k.jpg'
Copying '/home/yuntao/firstdemo/animate/static/images/634/9/21323vosyxf2snuo.jpg'
Copying '/home/yuntao/firstdemo/animate/static/images/634/9/21088lreomeszhu1.jpg'
Copying '/home/yuntao/firstdemo/animate/static/images/634/9/21174nrhqxw3etao.jpg'
Copying '/home/yuntao/firstdemo/animate/static/images/634/9/21232uj0egcf1l52.jpg'
Copying '/home/yuntao/firstdemo/animate/static/images/634/9/213564k2jlhyg4ls.jpg'
Copying '/home/yuntao/firstdemo/animate/static/images/634/9/21109opa4tcl0hhn.jpg'
Copying '/home/yuntao/firstdemo/animate/static/images/634/9/21186do3kgpdipjv.jpg'
Copying '/home/yuntao/firstdemo/animate/static/images/634/9/21208fh2txsjcux5.jpg'
Copying '/home/yuntao/firstdemo/animate/static/images/634/9/21385lgdco45zwpz.jpg'
Copying '/home/yuntao/firstdemo/animate/static/images/634/9/21130js2hu3hhc4e.jpg'
Copying '/home/yuntao/firstdemo/animate/static/images/634/9/21410xergivpwtyd.jpg'
Copying '/home/yuntao/firstdemo/animate/static/images/634/9/21219gb5g2ol4fa0.jpg'
Copying '/home/yuntao/firstdemo/animate/static/images/634/9/21197jifajxezgnf.jpg'
Copying '/home/yuntao/firstdemo/animate/static/images/634/9/21152d2fpsb5se15.jpg'
Copying '/home/yuntao/firstdemo/animate/static/images/634/9/21140rja4mne1cpr.jpg'
Copying '/home/yuntao/firstdemo/animate/static/images/634/9/21118uj0wxaj305j.jpg'
Copying '/home/yuntao/firstdemo/animate/static/images/634/9/213101xv42ud42jb.jpg'
Copying '/home/yuntao/firstdemo/animate/static/images/634/9/212762sxmnor3mez.jpg'
Copying '/home/yuntao/firstdemo/animate/static/images/634/9/21440jua1baxflbq.jpg'
Copying '/home/yuntao/firstdemo/animate/static/images/634/9/21375eobkrz5dyjw.jpg'
Copying '/home/yuntao/firstdemo/animate/static/images/634/9/21427eum455uujjt.jpg'
Copying '/home/yuntao/firstdemo/animate/static/images/634/9/21436rcnigxvna4e.jpg'
Copying '/home/yuntao/firstdemo/animate/static/images/634/9/21078biszj4napli.jpg'
Copying '/home/yuntao/firstdemo/animate/static/images/634/9/212991pczqaxshfc.jpg'
Copying '/home/yuntao/firstdemo/animate/static/images/634/9/21253ig1sin5biif.jpg'
Copying '/home/yuntao/firstdemo/animate/static/images/634/9/21346qm32ffujxyr.jpg'
Copying '/home/yuntao/firstdemo/animate/static/images/634/9/21335ynyxyyjz4gt.jpg'
Copying '/home/yuntao/firstdemo/animate/static/images/634/9/21286jytnwpdtyri.jpg'
Copying '/home/yuntao/firstdemo/animate/static/images/634/1/20264mm2i3ldbg5y.jpg'
Copying '/home/yuntao/firstdemo/animate/static/images/634/1/20274zx1zrbjdfqe.jpg'
Copying '/home/yuntao/firstdemo/animate/static/images/634/1/20441adqe0p35ga1.jpg'
Copying '/home/yuntao/firstdemo/animate/static/images/634/1/20091vepp5ej41jy.jpg'
Copying '/home/yuntao/firstdemo/animate/static/images/634/1/2056132oufzeu4mp.jpg'
Copying '/home/yuntao/firstdemo/animate/static/images/634/1/20182nw4ahq10z4p.jpg'
Copying '/home/yuntao/firstdemo/animate/static/images/634/1/20122343kskyft1m.jpg'
Copying '/home/yuntao/firstdemo/animate/static/images/634/1/20139narkeskctve.jpg'
Copying '/home/yuntao/firstdemo/animate/static/images/634/1/20302iwhm155ye2b.jpg'
Copying '/home/yuntao/firstdemo/animate/static/images/634/1/20348simfncqzxg4.jpg'
Copying '/home/yuntao/firstdemo/animate/static/images/634/1/20102gibkjzu0vbv.jpg'
Copying '/home/yuntao/firstdemo/animate/static/images/634/1/20174qjo44wl03le.jpg'
Copying '/home/yuntao/firstdemo/animate/static/images/634/1/201904mbhn3hvzxc.jpg'
Copying '/home/yuntao/firstdemo/animate/static/images/634/1/201653qe5mdz4npv.jpg'
Copying '/home/yuntao/firstdemo/animate/static/images/634/1/202925qxjx5ok0ex.jpg'
Copying '/home/yuntao/firstdemo/animate/static/images/634/1/20521thi3bnqnyje.jpg'
Copying '/home/yuntao/firstdemo/animate/static/images/634/1/20096a3lnyibhor3.jpg'
Copying '/home/yuntao/firstdemo/animate/static/images/634/1/2046750q0szzh4yz.jpg'
Copying '/home/yuntao/firstdemo/animate/static/images/634/1/20551f1lsh1ntug5.jpg'
Copying '/home/yuntao/firstdemo/animate/static/images/634/1/203944q4swngmyyo.jpg'
Copying '/home/yuntao/firstdemo/animate/static/images/634/1/20320hg5p440raan.jpg'
Copying '/home/yuntao/firstdemo/animate/static/images/634/1/20200koowfcpoaqm.jpg'
Copying '/home/yuntao/firstdemo/animate/static/images/634/1/20242uoaspsxlnfz.jpg'
Copying '/home/yuntao/firstdemo/animate/static/images/634/1/20367u5kafzwyco5.jpg'
Copying '/home/yuntao/firstdemo/animate/static/images/634/1/2049104q2okuujhb.jpg'
Copying '/home/yuntao/firstdemo/animate/static/images/634/1/20449b5bhrprnogo.jpg'
Copying '/home/yuntao/firstdemo/animate/static/images/634/1/2031142zqcficlq3.jpg'
Copying '/home/yuntao/firstdemo/animate/static/images/634/1/20259hy4qarnp4jk.jpg'
Copying '/home/yuntao/firstdemo/animate/static/images/634/1/202835uyfhujo1db.jpg'
Copying '/home/yuntao/firstdemo/animate/static/images/634/1/20484lxey5os2ez5.jpg'
Copying '/home/yuntao/firstdemo/animate/static/images/634/1/20402schk1hctdwc.jpg'
Copying '/home/yuntao/firstdemo/animate/static/images/634/1/2054354cwhdcbt3s.jpg'
Copying '/home/yuntao/firstdemo/animate/static/images/634/1/20216mr51fsp0bex.jpg'
Copying '/home/yuntao/firstdemo/animate/static/images/634/1/20115mqss4cs3zyn.jpg'
Copying '/home/yuntao/firstdemo/animate/static/images/634/1/2023221yluv1lzho.jpg'
Copying '/home/yuntao/firstdemo/animate/static/images/634/1/20460gum3yjcnxgu.jpg'
Copying '/home/yuntao/firstdemo/animate/static/images/634/1/20584hivsdxdeguv.jpg'
Copying '/home/yuntao/firstdemo/animate/static/images/634/1/20207cnciwrsgshg.jpg'
Copying '/home/yuntao/firstdemo/animate/static/images/634/1/20430zxl0yfq4ky1.jpg'
Copying '/home/yuntao/firstdemo/animate/static/images/634/1/20411fqbciloynuk.jpg'
Copying '/home/yuntao/firstdemo/animate/static/images/634/1/203394utth1bz3me.jpg'
Copying '/home/yuntao/firstdemo/animate/static/images/634/1/20477sdizo4iniw5.jpg'
Copying '/home/yuntao/firstdemo/animate/static/images/634/1/20513lvefsp2oibr.jpg'
Copying '/home/yuntao/firstdemo/animate/static/images/634/1/20358bdem4flogv2.jpg'
Copying '/home/yuntao/firstdemo/animate/static/images/634/1/205285mersucnqba.jpg'
Copying '/home/yuntao/firstdemo/animate/static/images/634/1/20249s5leq5b1but.jpg'
Copying '/home/yuntao/firstdemo/animate/static/images/634/1/201570m440atcrhu.jpg'
Copying '/home/yuntao/firstdemo/animate/static/images/634/1/20535dlqg2bvlhl5.jpg'
Copying '/home/yuntao/firstdemo/animate/static/images/634/1/2037713sj1smlu1r.jpg'
Copying '/home/yuntao/firstdemo/animate/static/images/634/1/202254tiwddqx1vh.jpg'
Copying '/home/yuntao/firstdemo/animate/static/images/634/1/20148ynxizpsa3ht.jpg'
Copying '/home/yuntao/firstdemo/animate/static/images/634/1/20129pn3c1vuwv0r.jpg'
Copying '/home/yuntao/firstdemo/animate/static/images/634/1/20108sv41bpqqinu.jpg'
Copying '/home/yuntao/firstdemo/animate/static/images/634/1/20506zvhpukjq2br.jpg'
Copying '/home/yuntao/firstdemo/animate/static/images/634/1/20577t5jrf41ds4a.jpg'
Copying '/home/yuntao/firstdemo/animate/static/images/634/1/20422ruq1a1e2yeb.jpg'
Copying '/home/yuntao/firstdemo/animate/static/images/634/1/20568c4chuourj4l.jpg'
Copying '/home/yuntao/firstdemo/animate/static/images/634/1/20385zdcig4s3zmo.jpg'
Copying '/home/yuntao/firstdemo/animate/static/images/634/1/20329hwgw3whb0b0.jpg'
Copying '/home/yuntao/firstdemo/animate/static/images/634/1/20499iemldwy200l.jpg'
Copying '/home/yuntao/firstdemo/animate/static/images/634/4/20493vgscffhqvqh.jpg'
Copying '/home/yuntao/firstdemo/animate/static/images/634/4/20501ag1akr2cyq3.jpg'
Copying '/home/yuntao/firstdemo/animate/static/images/634/4/20566seil3ptz2xw.jpg'
Copying '/home/yuntao/firstdemo/animate/static/images/634/4/20327uwrwllv1da2.jpg'
Copying '/home/yuntao/firstdemo/animate/static/images/634/4/20573p1d12xz5wu4.jpg'
Copying '/home/yuntao/firstdemo/animate/static/images/634/4/20179n0iy0ldaf35.jpg'
Copying '/home/yuntao/firstdemo/animate/static/images/634/4/20479djct1l0l0st.jpg'
Copying '/home/yuntao/firstdemo/animate/static/images/634/4/20356sro5bierc1y.jpg'
Copying '/home/yuntao/firstdemo/animate/static/images/634/4/20432tgi2yea4cmv.jpg'
Copying '/home/yuntao/firstdemo/animate/static/images/634/4/20533yqbv00babhv.jpg'
Copying '/home/yuntao/firstdemo/animate/static/images/634/4/204510tfwbfilk3y.jpg'
Copying '/home/yuntao/firstdemo/animate/static/images/634/4/20542f0undjrzdt5.jpg'
Copying '/home/yuntao/firstdemo/animate/static/images/634/4/20284xwhrsgkz2sj.jpg'
Copying '/home/yuntao/firstdemo/animate/static/images/634/4/202932chacw4a1m1.jpg'
Copying '/home/yuntao/firstdemo/animate/static/images/634/4/20222vsfidtkuziu.jpg'
Copying '/home/yuntao/firstdemo/animate/static/images/634/4/20461bwevls0n5lc.jpg'
Copying '/home/yuntao/firstdemo/animate/static/images/634/4/20413x0wvss5lfxk.jpg'
Copying '/home/yuntao/firstdemo/animate/static/images/634/4/20469yuvfuxvlybg.jpg'
Copying '/home/yuntao/firstdemo/animate/static/images/634/4/20374dztu5ehobnv.jpg'
Copying '/home/yuntao/firstdemo/animate/static/images/634/4/20550k55jr4ivqtm.jpg'
Copying '/home/yuntao/firstdemo/animate/static/images/634/4/20525ucbjagnwdwk.jpg'
Copying '/home/yuntao/firstdemo/animate/static/images/634/4/20559gmqab2btvuu.jpg'
Copying '/home/yuntao/firstdemo/animate/static/images/634/4/20305r3gki54cy5n.jpg'
Copying '/home/yuntao/firstdemo/animate/static/images/634/4/205090bxvkl2fame.jpg'
Copying '/home/yuntao/firstdemo/animate/static/images/634/4/202034i1ayvbspdf.jpg'
Copying '/home/yuntao/firstdemo/animate/static/images/634/4/20346fqutcu2ykuk.jpg'
Copying '/home/yuntao/firstdemo/animate/static/images/634/4/20365qae0ezkugrc.jpg'
Copying '/home/yuntao/firstdemo/animate/static/images/634/4/20275tk4qhjt1khn.jpg'
Copying '/home/yuntao/firstdemo/animate/static/images/634/4/203920tiawpahtqa.jpg'
Copying '/home/yuntao/firstdemo/animate/static/images/634/4/20229dmkex4vrrrn.jpg'
Copying '/home/yuntao/firstdemo/animate/static/images/634/4/20266dvbunsv2bjh.jpg'
Copying '/home/yuntao/firstdemo/animate/static/images/634/4/205160auwylzbk0o.jpg'
Copying '/home/yuntao/firstdemo/animate/static/images/634/4/20240ldarjyo0wu2.jpg'
Copying '/home/yuntao/firstdemo/animate/static/images/634/4/20213fmqmnoog4z1.jpg'
Copying '/home/yuntao/firstdemo/animate/static/images/634/4/20335dbxhnutvkh2.jpg'
Copying '/home/yuntao/firstdemo/animate/static/images/634/4/204433kymqisjiyx.jpg'
Copying '/home/yuntao/firstdemo/animate/static/images/634/4/20314dzgl2u5snr2.jpg'
Copying '/home/yuntao/firstdemo/animate/static/images/634/4/20403sspg1dezxqv.jpg'
Copying '/home/yuntao/firstdemo/animate/static/images/634/4/20486phhfy5zfnmb.jpg'
Copying '/home/yuntao/firstdemo/animate/static/images/634/4/20247xuwmklmy4ev.jpg'
Copying '/home/yuntao/firstdemo/animate/static/images/634/4/20195xxi4jewiswu.jpg'
Copying '/home/yuntao/firstdemo/animate/static/images/634/4/20188mwuieh1u2jy.jpg'
Copying '/home/yuntao/firstdemo/animate/static/images/634/4/204231lwvnad3sal.jpg'
Copying '/home/yuntao/firstdemo/animate/static/images/634/4/20169s120h5nako2.jpg'
Copying '/home/yuntao/firstdemo/animate/static/images/634/4/20258loxtvn1tggs.jpg'
Copying '/home/yuntao/firstdemo/animate/static/images/634/4/203835w2zkhs2j4k.jpg'
Copying '/home/yuntao/firstdemo/animate/static/images/634/31/1367erzyhh4sfhn.jpg'
Copying '/home/yuntao/firstdemo/animate/static/images/634/31/1375mowtartjrnu.jpg'
Copying '/home/yuntao/firstdemo/animate/static/images/634/31/1376bouxhfld12w.jpg'
Copying '/home/yuntao/firstdemo/animate/static/images/634/31/1398hus0ojobuqa.jpg'
Copying '/home/yuntao/firstdemo/animate/static/images/634/31/13960trh5ds4vlw.jpg'
Copying '/home/yuntao/firstdemo/animate/static/images/634/31/13543iz2tnqjquy.jpg'
Copying '/home/yuntao/firstdemo/animate/static/images/634/31/1370eewtwqzyjqz.jpg'
Copying '/home/yuntao/firstdemo/animate/static/images/634/31/1355p33e0pvt3ol.jpg'
Copying '/home/yuntao/firstdemo/animate/static/images/634/31/1400eww2lh5051g.jpg'
Copying '/home/yuntao/firstdemo/animate/static/images/634/31/1357qhtzqb0nvg4.jpg'
Copying '/home/yuntao/firstdemo/animate/static/images/634/31/1365z5vtoaicdiw.jpg'
Copying '/home/yuntao/firstdemo/animate/static/images/634/31/1394emi5132qje5.jpg'
Copying '/home/yuntao/firstdemo/animate/static/images/634/31/1361sp24dnxuyyh.jpg'
Copying '/home/yuntao/firstdemo/animate/static/images/634/31/1401jwxgrduxsu0.jpg'
Copying '/home/yuntao/firstdemo/animate/static/images/634/31/1364hvozajdif1b.jpg'
Copying '/home/yuntao/firstdemo/animate/static/images/634/31/1403f0lgseysec5.jpg'
Copying '/home/yuntao/firstdemo/animate/static/images/634/31/1366gtck54lyjd3.jpg'
Copying '/home/yuntao/firstdemo/animate/static/images/634/31/1378jrlwojnm5hi.jpg'
Copying '/home/yuntao/firstdemo/animate/static/images/634/31/1393zjj4yqob0ps.jpg'
Copying '/home/yuntao/firstdemo/animate/static/images/634/31/1374gfvphibddvd.jpg'
Copying '/home/yuntao/firstdemo/animate/static/images/634/31/1363zhlsjagya2n.jpg'
Copying '/home/yuntao/firstdemo/animate/static/images/634/31/1395btdsnpiu5wk.jpg'
Copying '/home/yuntao/firstdemo/animate/static/images/634/31/1397vvaumq32ur2.jpg'
Copying '/home/yuntao/firstdemo/animate/static/images/634/31/13593r4mrb2zcpj.jpg'
Copying '/home/yuntao/firstdemo/animate/static/images/634/31/13602yirred4vwb.jpg'
Copying '/home/yuntao/firstdemo/animate/static/images/634/31/1371zalrxizo2gu.jpg'
Copying '/home/yuntao/firstdemo/animate/static/images/634/31/1373mfcz4d2y5bv.jpg'
Copying '/home/yuntao/firstdemo/animate/static/images/634/31/1377tvuorppiryp.jpg'
Copying '/home/yuntao/firstdemo/animate/static/images/634/31/13693flih22q0qe.jpg'
Copying '/home/yuntao/firstdemo/animate/static/images/634/31/1402wnassjguxoo.jpg'
Copying '/home/yuntao/firstdemo/animate/static/images/634/31/1372trfgtsypkwy.jpg'
Copying '/home/yuntao/firstdemo/animate/static/images/634/31/13621u4fry3nuid.jpg'
Copying '/home/yuntao/firstdemo/animate/static/images/634/31/1368g4hk3n5tmgr.jpg'
Copying '/home/yuntao/firstdemo/animate/static/images/634/31/1356xls0cb4afoj.jpg'
Copying '/home/yuntao/firstdemo/animate/static/images/634/31/1399xsmf5mcm4o0.jpg'
Copying '/home/yuntao/firstdemo/animate/static/images/634/31/13581kuuqqk2tzd.jpg'
Copying '/home/yuntao/firstdemo/animate/static/images/634/8/21329erivmx0nhmq.jpg'
Copying '/home/yuntao/firstdemo/animate/static/images/634/8/21259jsz23euhxt1.jpg'
Copying '/home/yuntao/firstdemo/animate/static/images/634/8/21304ptnz5kyaueb.jpg'
Copying '/home/yuntao/firstdemo/animate/static/images/634/8/21165ckmuarz2zmd.jpg'
Copying '/home/yuntao/firstdemo/animate/static/images/634/8/21081z1olt500l0m.jpg'
Copying '/home/yuntao/firstdemo/animate/static/images/634/8/21025ciy1wj1k3yj.jpg'
Copying '/home/yuntao/firstdemo/animate/static/images/634/8/21201yluth2itxkf.jpg'
Copying '/home/yuntao/firstdemo/animate/static/images/634/8/21294b51kk30adhg.jpg'
Copying '/home/yuntao/firstdemo/animate/static/images/634/8/21177gwkm5olg5ki.jpg'
Copying '/home/yuntao/firstdemo/animate/static/images/634/8/21371ho03vicmwyb.jpg'
Copying '/home/yuntao/firstdemo/animate/static/images/634/8/210040ceokrexdbh.jpg'
Copying '/home/yuntao/firstdemo/animate/static/images/634/8/211884hzulqxze4t.jpg'
Copying '/home/yuntao/firstdemo/animate/static/images/634/8/21061bswhhrnwd2j.jpg'
Copying '/home/yuntao/firstdemo/animate/static/images/634/8/21122iax5sofbisy.jpg'
Copying '/home/yuntao/firstdemo/animate/static/images/634/8/2103431pdrxmlnsx.jpg'
Copying '/home/yuntao/firstdemo/animate/static/images/634/8/21091m3oikga5oev.jpg'
Copying '/home/yuntao/firstdemo/animate/static/images/634/8/21144n0cptuxahb4.jpg'
Copying '/home/yuntao/firstdemo/animate/static/images/634/8/20997m2jkmljnp5h.jpg'
Copying '/home/yuntao/firstdemo/animate/static/images/634/8/21350lpiic0uyi4j.jpg'
Copying '/home/yuntao/firstdemo/animate/static/images/634/8/21101eb4nai5sigp.jpg'
Copying '/home/yuntao/firstdemo/animate/static/images/634/8/2106905cvo1du0cs.jpg'
Copying '/home/yuntao/firstdemo/animate/static/images/634/8/21380l0pne3bmfe5.jpg'
Copying '/home/yuntao/firstdemo/animate/static/images/634/8/21154mdt3shd0zpt.jpg'
Copying '/home/yuntao/firstdemo/animate/static/images/634/8/21271m4ugks4e2i1.jpg'
Copying '/home/yuntao/firstdemo/animate/static/images/634/8/21015k3urwxjl0jw.jpg'
Copying '/home/yuntao/firstdemo/animate/static/images/634/8/21247zfdq2mtnzte.jpg'
Copying '/home/yuntao/firstdemo/animate/static/images/634/8/21042qyvc0ss2vqv.jpg'
Copying '/home/yuntao/firstdemo/animate/static/images/634/8/21111n3xlwtkpjfx.jpg'
Copying '/home/yuntao/firstdemo/animate/static/images/634/8/21235exrd3hbfr5g.jpg'
Copying '/home/yuntao/firstdemo/animate/static/images/634/8/21223jt0s1bzqqfq.jpg'
Copying '/home/yuntao/firstdemo/animate/static/images/634/8/21133hosemsoyac5.jpg'
Copying '/home/yuntao/firstdemo/animate/static/images/634/8/210515ucmurnb5pn.jpg'
Copying '/home/yuntao/firstdemo/animate/static/images/634/8/21213pyeoglw5gnn.jpg'
Copying '/home/yuntao/firstdemo/animate/static/images/634/8/21363h40j43mhzzq.jpg'
Copying '/home/yuntao/firstdemo/animate/static/images/634/8/21283lcssof2zpqz.jpg'
Copying '/home/yuntao/firstdemo/animate/static/images/634/8/21317q0uaesjteq5.jpg'
Copying '/home/yuntao/firstdemo/animate/static/images/634/8/21390gyg0pz0lixz.jpg'
Copying '/home/yuntao/firstdemo/animate/static/images/634/8/21340b1wksgape0b.jpg'
Copying '/home/yuntao/firstdemo/animate/static/images/634/22/2612hc4wg1z1y05.jpg'
Copying '/home/yuntao/firstdemo/animate/static/images/634/22/2627sgylpj1hirr.jpg'
Copying '/home/yuntao/firstdemo/animate/static/images/634/22/2618mpbywqwscm5.jpg'
Copying '/home/yuntao/firstdemo/animate/static/images/634/22/2641qboqqvvkdri.jpg'
Copying '/home/yuntao/firstdemo/animate/static/images/634/22/260954vtbao4umu.jpg'
Copying '/home/yuntao/firstdemo/animate/static/images/634/22/261054gdkbqglkc.jpg'
Copying '/home/yuntao/firstdemo/animate/static/images/634/22/2615fgjxwjfsdfn.jpg'
Copying '/home/yuntao/firstdemo/animate/static/images/634/22/2635fnywtt4ep33.jpg'
Copying '/home/yuntao/firstdemo/animate/static/images/634/22/2624qonllpwp0t4.jpg'
Copying '/home/yuntao/firstdemo/animate/static/images/634/22/2628u4t5ocmgo4k.jpg'
Copying '/home/yuntao/firstdemo/animate/static/images/634/22/2611x24iryqus1u.jpg'
Copying '/home/yuntao/firstdemo/animate/static/images/634/22/2620cgmxgfwrrum.jpg'
Copying '/home/yuntao/firstdemo/animate/static/images/634/22/26160x0shbhnwi5.jpg'
Copying '/home/yuntao/firstdemo/animate/static/images/634/22/2632haqgeb5xcmq.jpg'
Copying '/home/yuntao/firstdemo/animate/static/images/634/22/26375akrohp4tzd.jpg'
Copying '/home/yuntao/firstdemo/animate/static/images/634/22/2629c3hhupmeivx.jpg'
Copying '/home/yuntao/firstdemo/animate/static/images/634/22/2639vze3uqkpubj.jpg'
Copying '/home/yuntao/firstdemo/animate/static/images/634/22/2626y2p0vg4ydcj.jpg'
Copying '/home/yuntao/firstdemo/animate/static/images/634/22/2621qejayv4zwpe.jpg'
Copying '/home/yuntao/firstdemo/animate/static/images/634/22/2623v12csoiahfc.jpg'
Copying '/home/yuntao/firstdemo/animate/static/images/634/22/26300kbkvsg4vzm.jpg'
Copying '/home/yuntao/firstdemo/animate/static/images/634/22/2631butnnipvbi2.jpg'
Copying '/home/yuntao/firstdemo/animate/static/images/634/22/26143sybfgpkehr.jpg'
Copying '/home/yuntao/firstdemo/animate/static/images/634/22/2622ut00jowuv04.jpg'
Copying '/home/yuntao/firstdemo/animate/static/images/634/22/2634ygn3db4ci4j.jpg'
Copying '/home/yuntao/firstdemo/animate/static/images/634/22/2617dgw2x3lglwi.jpg'
Copying '/home/yuntao/firstdemo/animate/static/images/634/22/2625cjeeirkyy3u.jpg'
Copying '/home/yuntao/firstdemo/animate/static/images/634/22/2608n5bpwab1n3n.jpg'
Copying '/home/yuntao/firstdemo/animate/static/images/634/22/2613wms3vw413cb.jpg'
Copying '/home/yuntao/firstdemo/animate/static/images/634/22/2638rmkb2n2btu2.jpg'
Copying '/home/yuntao/firstdemo/animate/static/images/634/22/2636awro5rmemn1.jpg'
Copying '/home/yuntao/firstdemo/animate/static/images/634/22/26334azokxunkx5.jpg'
Copying '/home/yuntao/firstdemo/animate/static/images/634/22/2619f5k3gbeo11c.jpg'
Copying '/home/yuntao/firstdemo/animate/static/images/634/22/2640ztr4f33zqkv.jpg'
Copying '/home/yuntao/firstdemo/animate/static/images/634/18/254tfzivlawa3.jpg'
Copying '/home/yuntao/firstdemo/animate/static/images/634/18/350rzgfntrq1o.jpg'
Copying '/home/yuntao/firstdemo/animate/static/images/634/18/46zlavot1pp2x.jpg'
Copying '/home/yuntao/firstdemo/animate/static/images/634/18/31saa4ax3bivj.jpg'
Copying '/home/yuntao/firstdemo/animate/static/images/634/18/33fubg35ifuz1.jpg'
Copying '/home/yuntao/firstdemo/animate/static/images/634/18/38xup1dgkhtci.jpg'
Copying '/home/yuntao/firstdemo/animate/static/images/634/18/28yycwdkhp5p5.jpg'
Copying '/home/yuntao/firstdemo/animate/static/images/634/18/3615wmlhbatvi.jpg'
Copying '/home/yuntao/firstdemo/animate/static/images/634/18/29qxlc25wsokj.jpg'
Copying '/home/yuntao/firstdemo/animate/static/images/634/18/41q5yjiro5k1g.jpg'
Copying '/home/yuntao/firstdemo/animate/static/images/634/18/37bnwl5ac5obb.jpg'
Copying '/home/yuntao/firstdemo/animate/static/images/634/18/27knct1usn0df.jpg'
Copying '/home/yuntao/firstdemo/animate/static/images/634/18/30yxzm1igsd3o.jpg'
Copying '/home/yuntao/firstdemo/animate/static/images/634/18/42tnlavpyq4cy.jpg'
Copying '/home/yuntao/firstdemo/animate/static/images/634/18/34zo3qr2vsvhn.jpg'
Copying '/home/yuntao/firstdemo/animate/static/images/634/18/39kfjqdsf0to3.jpg'
Copying '/home/yuntao/firstdemo/animate/static/images/634/18/32tnjm3qp3sdt.jpg'
Copying '/home/yuntao/firstdemo/animate/static/images/634/18/48zriwvdvpymm.jpg'
Copying '/home/yuntao/firstdemo/animate/static/images/634/18/47ijkyximwxib.jpg'
Copying '/home/yuntao/firstdemo/animate/static/images/634/18/40oyosreco2ey.jpg'
Copying '/home/yuntao/firstdemo/animate/static/images/634/18/43e1wzu24g2k0.jpg'
Copying '/home/yuntao/firstdemo/animate/static/images/634/18/2625flyqv5am0.jpg'
Copying '/home/yuntao/firstdemo/animate/static/images/634/18/24ugqsaluczh2.jpg'
Copying '/home/yuntao/firstdemo/animate/static/images/634/18/44x1ktvxu03er.jpg'
Copying '/home/yuntao/firstdemo/animate/static/images/634/18/45umko5k0uznv.jpg'
Copying '/home/yuntao/firstdemo/animate/static/images/634/21/149j5e35htrhkk.jpg'
Copying '/home/yuntao/firstdemo/animate/static/images/634/21/132sw3cnf4fys2.jpg'
Copying '/home/yuntao/firstdemo/animate/static/images/634/21/125njxexlyogry.jpg'
Copying '/home/yuntao/firstdemo/animate/static/images/634/21/1290lonav5ya0n.jpg'
Copying '/home/yuntao/firstdemo/animate/static/images/634/21/15040vqzidplhd.jpg'
Copying '/home/yuntao/firstdemo/animate/static/images/634/21/121wom0eli0njd.jpg'
Copying '/home/yuntao/firstdemo/animate/static/images/634/21/139abe02elkpca.jpg'
Copying '/home/yuntao/firstdemo/animate/static/images/634/21/126q2wlja2uih2.jpg'
Copying '/home/yuntao/firstdemo/animate/static/images/634/21/148ijttkhtfn0c.jpg'
Copying '/home/yuntao/firstdemo/animate/static/images/634/21/1275yk2lrddtoa.jpg'
Copying '/home/yuntao/firstdemo/animate/static/images/634/21/115buoqinq5b0g.jpg'
Copying '/home/yuntao/firstdemo/animate/static/images/634/21/1232qrtsbh5swu.jpg'
Copying '/home/yuntao/firstdemo/animate/static/images/634/21/142gl4mn5bzrig.jpg'
Copying '/home/yuntao/firstdemo/animate/static/images/634/21/1475ovvqddtdrh.jpg'
Copying '/home/yuntao/firstdemo/animate/static/images/634/21/130rjwyripnwu3.jpg'
Copying '/home/yuntao/firstdemo/animate/static/images/634/21/143wtwc4vg40ef.jpg'
Copying '/home/yuntao/firstdemo/animate/static/images/634/21/119d2oje2nvob4.jpg'
Copying '/home/yuntao/firstdemo/animate/static/images/634/21/1381clq1s405bm.jpg'
Copying '/home/yuntao/firstdemo/animate/static/images/634/21/117prjdakzagtw.jpg'
Copying '/home/yuntao/firstdemo/animate/static/images/634/21/118gcfstjvppce.jpg'
Copying '/home/yuntao/firstdemo/animate/static/images/634/21/134tsthgwlgsce.jpg'
Copying '/home/yuntao/firstdemo/animate/static/images/634/21/140ori0tyvswt3.jpg'
Copying '/home/yuntao/firstdemo/animate/static/images/634/21/133ujqyuleaqmy.jpg'
Copying '/home/yuntao/firstdemo/animate/static/images/634/21/1372j4r1mhzt5n.jpg'
Copying '/home/yuntao/firstdemo/animate/static/images/634/21/1463rpm3skabit.jpg'
Copying '/home/yuntao/firstdemo/animate/static/images/634/21/141ln5xl4pbave.jpg'
Copying '/home/yuntao/firstdemo/animate/static/images/634/21/116ddkavpled2c.jpg'
Copying '/home/yuntao/firstdemo/animate/static/images/634/21/1204cxwiv3k1gb.jpg'
Copying '/home/yuntao/firstdemo/animate/static/images/634/21/136cevyhujabzv.jpg'
Copying '/home/yuntao/firstdemo/animate/static/images/634/21/1513dkl51bcklr.jpg'
Copying '/home/yuntao/firstdemo/animate/static/images/634/21/122sg5a2ohmrkn.jpg'
Copying '/home/yuntao/firstdemo/animate/static/images/634/21/128wayzfprvmuv.jpg'
Copying '/home/yuntao/firstdemo/animate/static/images/634/21/144e2leqrtnlet.jpg'
Copying '/home/yuntao/firstdemo/animate/static/images/634/21/1240ltcn2a4bxm.jpg'
Copying '/home/yuntao/firstdemo/animate/static/images/634/21/135zjyznrcikis.jpg'
Copying '/home/yuntao/firstdemo/animate/static/images/634/21/145mp3lfouiexg.jpg'
Copying '/home/yuntao/firstdemo/animate/static/images/634/21/131ehm1mnkm2vx.jpg'
Copying '/home/yuntao/firstdemo/animate/static/images/634/17/12dly2q2nddtg.jpg'
Copying '/home/yuntao/firstdemo/animate/static/images/634/17/64svuef3c5t3j.jpg'
Copying '/home/yuntao/firstdemo/animate/static/images/634/17/45sk1vw02zq1.jpg'
Copying '/home/yuntao/firstdemo/animate/static/images/634/17/51vlcyg0miitq.jpg'
Copying '/home/yuntao/firstdemo/animate/static/images/634/17/40p20iimkr3on.jpg'
Copying '/home/yuntao/firstdemo/animate/static/images/634/17/10vp3fr1jrxj.jpg'
Copying '/home/yuntao/firstdemo/animate/static/images/634/17/24qcd4pmvb3ug.jpg'
Copying '/home/yuntao/firstdemo/animate/static/images/634/17/18ahz12evt30f.jpg'
Copying '/home/yuntao/firstdemo/animate/static/images/634/17/25ft4ubuzmkp.jpg'
Copying '/home/yuntao/firstdemo/animate/static/images/634/17/29x0k4oxtvsk5.jpg'
Copying '/home/yuntao/firstdemo/animate/static/images/634/17/61lqqkz1r1a1j.jpg'
Copying '/home/yuntao/firstdemo/animate/static/images/634/17/43vfe2wcdthkv.jpg'
Copying '/home/yuntao/firstdemo/animate/static/images/634/17/163yqonwafwch.jpg'
Copying '/home/yuntao/firstdemo/animate/static/images/634/17/38ia2pyk2wdav.jpg'
Copying '/home/yuntao/firstdemo/animate/static/images/634/17/3qmo3mlicciu.jpg'
Copying '/home/yuntao/firstdemo/animate/static/images/634/17/58gs1zutf1n45.jpg'
Copying '/home/yuntao/firstdemo/animate/static/images/634/17/260cmd2k0i5ex.jpg'
Copying '/home/yuntao/firstdemo/animate/static/images/634/17/56re4turl450a.jpg'
Copying '/home/yuntao/firstdemo/animate/static/images/634/17/45ohnoo1zlrh0.jpg'
Copying '/home/yuntao/firstdemo/animate/static/images/634/17/10m2qwxt1ofnz.jpg'
Copying '/home/yuntao/firstdemo/animate/static/images/634/17/14acxsiy3x03k.jpg'
Copying '/home/yuntao/firstdemo/animate/static/images/634/17/70pwl3ukpjmtb.jpg'
Copying '/home/yuntao/firstdemo/animate/static/images/634/17/65djabixj5pu.jpg'
Copying '/home/yuntao/firstdemo/animate/static/images/634/17/28s130qtk3dzw.jpg'
Copying '/home/yuntao/firstdemo/animate/static/images/634/17/20txthdxsfrv5.jpg'
Copying '/home/yuntao/firstdemo/animate/static/images/634/17/32xpdkp202eya.jpg'
Copying '/home/yuntao/firstdemo/animate/static/images/634/17/34xx2zx0ime04.jpg'
Copying '/home/yuntao/firstdemo/animate/static/images/634/17/36xjrkqbchffq.jpg'
Copying '/home/yuntao/firstdemo/animate/static/images/634/17/221xjgrgdkaoy.jpg'
Copying '/home/yuntao/firstdemo/animate/static/images/634/17/71krfhf4elg0w.jpg'
Copying '/home/yuntao/firstdemo/animate/static/images/634/17/8bvgj45e22zu.jpg'
Copying '/home/yuntao/firstdemo/animate/static/images/634/17/65lh13datduvk.jpg'
Copying '/home/yuntao/firstdemo/animate/static/images/634/28/434w1ow0py4bnu.jpg'
Copying '/home/yuntao/firstdemo/animate/static/images/634/28/456yljgy3ikqxr.jpg'
Copying '/home/yuntao/firstdemo/animate/static/images/634/28/444clmh0jnblgu.jpg'
Copying '/home/yuntao/firstdemo/animate/static/images/634/28/441udf5lwy12ux.jpg'
Copying '/home/yuntao/firstdemo/animate/static/images/634/28/439r402ziatw2t.jpg'
Copying '/home/yuntao/firstdemo/animate/static/images/634/28/436csgaxhkiaf0.jpg'
Copying '/home/yuntao/firstdemo/animate/static/images/634/28/455hidll4pzxzp.jpg'
Copying '/home/yuntao/firstdemo/animate/static/images/634/28/435epshakiwo50.jpg'
Copying '/home/yuntao/firstdemo/animate/static/images/634/28/423lqcunrxbz34.jpg'
Copying '/home/yuntao/firstdemo/animate/static/images/634/28/443tpdmxrsq2fn.jpg'
Copying '/home/yuntao/firstdemo/animate/static/images/634/28/448oexg3tws4lk.jpg'
Copying '/home/yuntao/firstdemo/animate/static/images/634/28/430rgjbmnh4kko.jpg'
Copying '/home/yuntao/firstdemo/animate/static/images/634/28/426rgsctrmga0q.jpg'
Copying '/home/yuntao/firstdemo/animate/static/images/634/28/452vctkotilc0f.jpg'
Copying '/home/yuntao/firstdemo/animate/static/images/634/28/453mtfqoi04x03.jpg'
Copying '/home/yuntao/firstdemo/animate/static/images/634/28/447fti1qwqekmt.jpg'
Copying '/home/yuntao/firstdemo/animate/static/images/634/28/445jerkssinkzq.jpg'
Copying '/home/yuntao/firstdemo/animate/static/images/634/28/440aflvvzfwsyx.jpg'
Copying '/home/yuntao/firstdemo/animate/static/images/634/28/450zzxolk1qvn5.jpg'
Copying '/home/yuntao/firstdemo/animate/static/images/634/28/431z3ubkdsxu3g.jpg'
Copying '/home/yuntao/firstdemo/animate/static/images/634/28/454c45kwrajxqa.jpg'
Copying '/home/yuntao/firstdemo/animate/static/images/634/28/451rmx1i0slrw4.jpg'
Copying '/home/yuntao/firstdemo/animate/static/images/634/28/446aac2g3bv4ij.jpg'
Copying '/home/yuntao/firstdemo/animate/static/images/634/28/449ufhy4k4lmg5.jpg'
Copying '/home/yuntao/firstdemo/animate/static/images/634/28/438v5ncbmffd0v.jpg'
Copying '/home/yuntao/firstdemo/animate/static/images/634/28/437osrluptbxif.jpg'
Copying '/home/yuntao/firstdemo/animate/static/images/634/28/425jztj45n1z4m.jpg'
Copying '/home/yuntao/firstdemo/animate/static/images/634/28/442wgy1a0tljg3.jpg'
Copying '/home/yuntao/firstdemo/animate/static/images/634/28/424xgefdwp5goz.jpg'
Copying '/home/yuntao/firstdemo/animate/static/images/634/28/429sebvehrgdpo.jpg'
Copying '/home/yuntao/firstdemo/animate/static/images/634/28/427wtmcre2wuux.jpg'
Copying '/home/yuntao/firstdemo/animate/static/images/634/28/432m5ijd0hc3bt.jpg'
Copying '/home/yuntao/firstdemo/animate/static/images/634/28/433hu1wgkiakxt.jpg'
Copying '/home/yuntao/firstdemo/animate/static/images/634/28/428xi25m43czga.jpg'
Copying '/home/yuntao/firstdemo/animate/static/images/634/28/422rgulthii2zv.jpg'
Copying '/home/yuntao/firstdemo/animate/static/images/634/29/842dfn45kfqg5j.jpg'
Copying '/home/yuntao/firstdemo/animate/static/images/634/29/865n4vvd1ir5hh.jpg'
Copying '/home/yuntao/firstdemo/animate/static/images/634/29/845rftztbksfvh.jpg'
Copying '/home/yuntao/firstdemo/animate/static/images/634/29/831ug1w0v411eu.jpg'
Copying '/home/yuntao/firstdemo/animate/static/images/634/29/850onyd4d0udhq.jpg'
Copying '/home/yuntao/firstdemo/animate/static/images/634/29/858sygmkthse5v.jpg'
Copying '/home/yuntao/firstdemo/animate/static/images/634/29/83802npczenbmd.jpg'
Copying '/home/yuntao/firstdemo/animate/static/images/634/29/864bt0guakomyz.jpg'
Copying '/home/yuntao/firstdemo/animate/static/images/634/29/853o1ejcqqaw0z.jpg'
Copying '/home/yuntao/firstdemo/animate/static/images/634/29/843aa3hlk1apws.jpg'
Copying '/home/yuntao/firstdemo/animate/static/images/634/29/846h0m0b2cn5xn.jpg'
Copying '/home/yuntao/firstdemo/animate/static/images/634/29/856g45wqubddbw.jpg'
Copying '/home/yuntao/firstdemo/animate/static/images/634/29/869sxmp4v1tz1j.jpg'
Copying '/home/yuntao/firstdemo/animate/static/images/634/29/854dxoimsztdzk.jpg'
Copying '/home/yuntao/firstdemo/animate/static/images/634/29/848oyug2mteia4.jpg'
Copying '/home/yuntao/firstdemo/animate/static/images/634/29/873f4gmmv0mclg.jpg'
Copying '/home/yuntao/firstdemo/animate/static/images/634/29/860031ppz0kxoq.jpg'
Copying '/home/yuntao/firstdemo/animate/static/images/634/29/868kbvz2cm14zs.jpg'
Copying '/home/yuntao/firstdemo/animate/static/images/634/29/855fhzvetypjiz.jpg'
Copying '/home/yuntao/firstdemo/animate/static/images/634/29/852pdhouabtp5o.jpg'
Copying '/home/yuntao/firstdemo/animate/static/images/634/29/8443124bclxnt4.jpg'
Copying '/home/yuntao/firstdemo/animate/static/images/634/29/839xnpae4kcwlk.jpg'
Copying '/home/yuntao/firstdemo/animate/static/images/634/29/857ku3arn4d2ti.jpg'
Copying '/home/yuntao/firstdemo/animate/static/images/634/29/847nrpqkeqfqg0.jpg'
Copying '/home/yuntao/firstdemo/animate/static/images/634/29/8595pmstplvg20.jpg'
Copying '/home/yuntao/firstdemo/animate/static/images/634/29/863ivxfq5emvyp.jpg'
Copying '/home/yuntao/firstdemo/animate/static/images/634/29/875rklqola0ga0.jpg'
Copying '/home/yuntao/firstdemo/animate/static/images/634/29/841zv4ncutwdbi.jpg'
Copying '/home/yuntao/firstdemo/animate/static/images/634/29/870jnhrtzvmlxt.jpg'
Copying '/home/yuntao/firstdemo/animate/static/images/634/29/8511bgavseyasp.jpg'
Copying '/home/yuntao/firstdemo/animate/static/images/634/29/840h5otsm53pj5.jpg'
Copying '/home/yuntao/firstdemo/animate/static/images/634/29/861jpaqjr0biox.jpg'
Copying '/home/yuntao/firstdemo/animate/static/images/634/29/874m1qmlm4wrxg.jpg'
Copying '/home/yuntao/firstdemo/animate/static/images/634/29/849phk3zbnpfff.jpg'
Copying '/home/yuntao/firstdemo/animate/static/images/634/29/867cvrdy5h3ldw.jpg'
Copying '/home/yuntao/firstdemo/animate/static/images/634/29/8333t0nkjxfb5x.jpg'
Copying '/home/yuntao/firstdemo/animate/static/images/634/29/866owm4sjbr2ub.jpg'
Copying '/home/yuntao/firstdemo/animate/static/images/634/29/8711bmirujuaqq.jpg'
Copying '/home/yuntao/firstdemo/animate/static/images/634/29/862uab21avxezp.jpg'
Copying '/home/yuntao/firstdemo/animate/static/images/634/29/876szglpg11tq1.jpg'
Copying '/home/yuntao/firstdemo/animate/static/images/634/29/872kf2qf5fgvg3.jpg'
Copying '/home/yuntao/firstdemo/animate/static/images/634/27/404jrzk2hyucrm.jpg'
Copying '/home/yuntao/firstdemo/animate/static/images/634/27/385mc2wfwmeg2r.jpg'
Copying '/home/yuntao/firstdemo/animate/static/images/634/27/413rmelyiv1p0m.jpg'
Copying '/home/yuntao/firstdemo/animate/static/images/634/27/345sjcivmmxipa.jpg'
Copying '/home/yuntao/firstdemo/animate/static/images/634/27/410q1yvoau2g51.jpg'
Copying '/home/yuntao/firstdemo/animate/static/images/634/27/349k52e1xovsqw.jpg'
Copying '/home/yuntao/firstdemo/animate/static/images/634/27/402lip5kt5by3m.jpg'
Copying '/home/yuntao/firstdemo/animate/static/images/634/27/359awfb2wdsi1w.jpg'
Copying '/home/yuntao/firstdemo/animate/static/images/634/27/407s3ifklrlk3f.jpg'
Copying '/home/yuntao/firstdemo/animate/static/images/634/27/353foxt0p2rhas.jpg'
Copying '/home/yuntao/firstdemo/animate/static/images/634/27/403hf44jxttz3g.jpg'
Copying '/home/yuntao/firstdemo/animate/static/images/634/27/371b3vt5z4po1d.jpg'
Copying '/home/yuntao/firstdemo/animate/static/images/634/27/412aoe2rugue14.jpg'
Copying '/home/yuntao/firstdemo/animate/static/images/634/27/388zugwexdkq0n.jpg'
Copying '/home/yuntao/firstdemo/animate/static/images/634/27/364rklohhf2q1e.jpg'
Copying '/home/yuntao/firstdemo/animate/static/images/634/27/399xmlr41bjqp3.jpg'
Copying '/home/yuntao/firstdemo/animate/static/images/634/27/414fnmqpy4envd.jpg'
Copying '/home/yuntao/firstdemo/animate/static/images/634/27/357shgpijw5lhe.jpg'
Copying '/home/yuntao/firstdemo/animate/static/images/634/27/3895gh4eyzpleo.jpg'
Copying '/home/yuntao/firstdemo/animate/static/images/634/27/3723wnqbmpufvi.jpg'
Copying '/home/yuntao/firstdemo/animate/static/images/634/27/387e0ez0gfw02g.jpg'
Copying '/home/yuntao/firstdemo/animate/static/images/634/27/390dvtx2xesovd.jpg'
Copying '/home/yuntao/firstdemo/animate/static/images/634/27/368ekhzlm1upoo.jpg'
Copying '/home/yuntao/firstdemo/animate/static/images/634/27/354sw1lpepolok.jpg'
Copying '/home/yuntao/firstdemo/animate/static/images/634/27/411mc4fp4q4bfp.jpg'
Copying '/home/yuntao/firstdemo/animate/static/images/634/27/370zm0rxpoic44.jpg'
Copying '/home/yuntao/firstdemo/animate/static/images/634/27/400wpyms4s4aqo.jpg'
Copying '/home/yuntao/firstdemo/animate/static/images/634/27/409czy3qo2fobv.jpg'
Copying '/home/yuntao/firstdemo/animate/static/images/634/27/392uo0wlo5ovkp.jpg'
Copying '/home/yuntao/firstdemo/animate/static/images/634/27/406mfadydh0awx.jpg'
Copying '/home/yuntao/firstdemo/animate/static/images/634/27/3914srw4deqglj.jpg'
Copying '/home/yuntao/firstdemo/animate/static/images/634/27/397bfvspqnyvq0.jpg'
Copying '/home/yuntao/firstdemo/animate/static/images/634/27/367wdbpwxamusi.jpg'
Copying '/home/yuntao/firstdemo/animate/static/images/634/27/394cywam0cqwqv.jpg'
Copying '/home/yuntao/firstdemo/animate/static/images/634/27/3983oodpos4wmt.jpg'
Copying '/home/yuntao/firstdemo/animate/static/images/634/27/347qlp0aodul5e.jpg'
Copying '/home/yuntao/firstdemo/animate/static/images/634/27/360k04qbz542de.jpg'
Copying '/home/yuntao/firstdemo/animate/static/images/634/27/395rv5pjsnjxih.jpg'
Copying '/home/yuntao/firstdemo/animate/static/images/634/27/408hxn3vrgfvz1.jpg'
Copying '/home/yuntao/firstdemo/animate/static/images/634/27/386olvvu1a54f3.jpg'
Copying '/home/yuntao/firstdemo/animate/static/images/634/27/393kb2t44oi0rw.jpg'
Copying '/home/yuntao/firstdemo/animate/static/images/634/27/384oga3q4wfwom.jpg'
Copying '/home/yuntao/firstdemo/animate/static/images/634/27/396xdfqu5cmuyo.jpg'
Copying '/home/yuntao/firstdemo/animate/static/images/634/27/401cucvusnowlt.jpg'
Copying '/home/yuntao/firstdemo/animate/static/images/634/27/405mozys11q3zr.jpg'
Copying '/home/yuntao/firstdemo/animate/static/images/634/15/513gbzzi2jc5n.jpg'
Copying '/home/yuntao/firstdemo/animate/static/images/634/15/66fj0khqncpay.jpg'
Copying '/home/yuntao/firstdemo/animate/static/images/634/15/11axbevlzfzi4.jpg'
Copying '/home/yuntao/firstdemo/animate/static/images/634/15/51m30xw1vrtb.jpg'
Copying '/home/yuntao/firstdemo/animate/static/images/634/15/17aycd1abzxwz.jpg'
Copying '/home/yuntao/firstdemo/animate/static/images/634/15/20lfniamnwig4.jpg'
Copying '/home/yuntao/firstdemo/animate/static/images/634/15/15rofljgxxfcj.jpg'
Copying '/home/yuntao/firstdemo/animate/static/images/634/15/32rpsf00vxlsp.jpg'
Copying '/home/yuntao/firstdemo/animate/static/images/634/15/6ga4xlevdusc.jpg'
Copying '/home/yuntao/firstdemo/animate/static/images/634/15/13zuewpdf4hoo.jpg'
Copying '/home/yuntao/firstdemo/animate/static/images/634/15/544y2dkwpaiu5.jpg'
Copying '/home/yuntao/firstdemo/animate/static/images/634/15/19jmnjtkgmeyd.jpg'
Copying '/home/yuntao/firstdemo/animate/static/images/634/15/2jmihr53nlpb.jpg'
Copying '/home/yuntao/firstdemo/animate/static/images/634/15/11hv1r51w33l.jpg'
Copying '/home/yuntao/firstdemo/animate/static/images/634/15/92hrtkkllbppq.jpg'
Copying '/home/yuntao/firstdemo/animate/static/images/634/15/95la41lwsgxjo.jpg'
Copying '/home/yuntao/firstdemo/animate/static/images/634/15/84kk1mkrvusek.jpg'
Copying '/home/yuntao/firstdemo/animate/static/images/634/15/29xeuedb5fhxd.jpg'
Copying '/home/yuntao/firstdemo/animate/static/images/634/15/10o5yio0izizt.jpg'
Copying '/home/yuntao/firstdemo/animate/static/images/634/15/60c4izw2bbs1s.jpg'
Copying '/home/yuntao/firstdemo/animate/static/images/634/15/42obp2f24vh2f.jpg'
Copying '/home/yuntao/firstdemo/animate/static/images/634/15/72eo2gpdlpt2u.jpg'
Copying '/home/yuntao/firstdemo/animate/static/images/634/15/40nhf4tv4hgvm.jpg'
Copying '/home/yuntao/firstdemo/animate/static/images/634/15/7jlvq44k3re5.jpg'
Copying '/home/yuntao/firstdemo/animate/static/images/634/15/9ilvezh5fqas.jpg'
Copying '/home/yuntao/firstdemo/animate/static/images/634/15/35bfewzq5fel2.jpg'
Copying '/home/yuntao/firstdemo/animate/static/images/634/15/3qyaewvpqmp1.jpg'
Copying '/home/yuntao/firstdemo/animate/static/images/634/15/823xturwvxukq.jpg'
Copying '/home/yuntao/firstdemo/animate/static/images/634/15/78rtijmqzdax2.jpg'
Copying '/home/yuntao/firstdemo/animate/static/images/634/15/461clnxik4nrn.jpg'
Copying '/home/yuntao/firstdemo/animate/static/images/634/15/4dw4w40cn5n3.jpg'
Copying '/home/yuntao/firstdemo/animate/static/images/634/15/8pz5ujrbndtx.jpg'
Copying '/home/yuntao/firstdemo/animate/static/images/634/7/21058bnrb5rodxgf.jpg'
Copying '/home/yuntao/firstdemo/animate/static/images/634/7/21237grzdy42julz.jpg'
Copying '/home/yuntao/firstdemo/animate/static/images/634/7/21110nsw1df0duny.jpg'
Copying '/home/yuntao/firstdemo/animate/static/images/634/7/21262bbfw350xv1s.jpg'
Copying '/home/yuntao/firstdemo/animate/static/images/634/7/2128454aylhodqrv.jpg'
Copying '/home/yuntao/firstdemo/animate/static/images/634/7/21001qkkovvajvys.jpg'
Copying '/home/yuntao/firstdemo/animate/static/images/634/7/21318zdlp51ciggy.jpg'
Copying '/home/yuntao/firstdemo/animate/static/images/634/7/21089gckwispiiuq.jpg'
Copying '/home/yuntao/firstdemo/animate/static/images/634/7/21166cdm3f15kays.jpg'
Copying '/home/yuntao/firstdemo/animate/static/images/634/7/210683ezrjftdhhb.jpg'
Copying '/home/yuntao/firstdemo/animate/static/images/634/7/21204oivrxpqqsgz.jpg'
Copying '/home/yuntao/firstdemo/animate/static/images/634/7/21013vpd0rzjv2yq.jpg'
Copying '/home/yuntao/firstdemo/animate/static/images/634/7/20985zax3pmjr1eh.jpg'
Copying '/home/yuntao/firstdemo/animate/static/images/634/7/21099xhohibaactz.jpg'
Copying '/home/yuntao/firstdemo/animate/static/images/634/7/20959jv14cdrbzc3.jpg'
Copying '/home/yuntao/firstdemo/animate/static/images/634/7/211354iixmx4vkzl.jpg'
Copying '/home/yuntao/firstdemo/animate/static/images/634/7/21180wjgqd4qj52l.jpg'
Copying '/home/yuntao/firstdemo/animate/static/images/634/7/21155xisc0jgw5sr.jpg'
Copying '/home/yuntao/firstdemo/animate/static/images/634/7/21080ao1jzv2ld0d.jpg'
Copying '/home/yuntao/firstdemo/animate/static/images/634/7/20971irusunmnbod.jpg'
Copying '/home/yuntao/firstdemo/animate/static/images/634/7/20977dv1anoooxpn.jpg'
Copying '/home/yuntao/firstdemo/animate/static/images/634/7/21224vzhzkn0ovts.jpg'
Copying '/home/yuntao/firstdemo/animate/static/images/634/7/21297efjcgmxyum2.jpg'
Copying '/home/yuntao/firstdemo/animate/static/images/634/7/21050gqksmmsq3uv.jpg'
Copying '/home/yuntao/firstdemo/animate/static/images/634/7/21023idyd0sicc1y.jpg'
Copying '/home/yuntao/firstdemo/animate/static/images/634/7/20992grbgksj1nsd.jpg'
Copying '/home/yuntao/firstdemo/animate/static/images/634/7/21190zkbwebusqau.jpg'
Copying '/home/yuntao/firstdemo/animate/static/images/634/7/21146xchsprwirip.jpg'
Copying '/home/yuntao/firstdemo/animate/static/images/634/7/2130753gfklh2nnd.jpg'
Copying '/home/yuntao/firstdemo/animate/static/images/634/7/21121h0bwaul1hrs.jpg'
Copying '/home/yuntao/firstdemo/animate/static/images/634/7/20966vq1u1pbmsbf.jpg'
Copying '/home/yuntao/firstdemo/animate/static/images/634/7/210410tbnb04m45j.jpg'
Copying '/home/yuntao/firstdemo/animate/static/images/634/7/21249n4qhdkoeeyq.jpg'
Copying '/home/yuntao/firstdemo/animate/static/images/634/7/21272gce0ehaf3la.jpg'
Copying '/home/yuntao/firstdemo/animate/static/images/634/7/212160llvs3pjfv3.jpg'
Copying '/home/yuntao/firstdemo/animate/static/images/634/7/21032nugtmnn2fyl.jpg'
Copying '/home/yuntao/firstdemo/animate/static/images/634/14/117289p2pvntxi0sm.jpg'
Copying '/home/yuntao/firstdemo/animate/static/images/634/14/117340gwkas0wozx5.jpg'
Copying '/home/yuntao/firstdemo/animate/static/images/634/14/1173715t1zpmh15hu.jpg'
Copying '/home/yuntao/firstdemo/animate/static/images/634/14/117338hrgoq3onn4b.jpg'
Copying '/home/yuntao/firstdemo/animate/static/images/634/14/117297b3hwbrfozkm.jpg'
Copying '/home/yuntao/firstdemo/animate/static/images/634/14/1173515jcfaqmaera.jpg'
Copying '/home/yuntao/firstdemo/animate/static/images/634/14/117316zx0efhj2302.jpg'
Copying '/home/yuntao/firstdemo/animate/static/images/634/14/117322oycdxszzjkn.jpg'
Copying '/home/yuntao/firstdemo/animate/static/images/634/14/117368m3pwwjx4ir0.jpg'
Copying '/home/yuntao/firstdemo/animate/static/images/634/14/1173351wxuntyorha.jpg'
Copying '/home/yuntao/firstdemo/animate/static/images/634/14/1173295akzi0a5nno.jpg'
Copying '/home/yuntao/firstdemo/animate/static/images/634/14/117362ee1i11tbtmq.jpg'
Copying '/home/yuntao/firstdemo/animate/static/images/634/14/1173373v05tzq4z2a.jpg'
Copying '/home/yuntao/firstdemo/animate/static/images/634/14/117308hffeu0uy0w5.jpg'
Copying '/home/yuntao/firstdemo/animate/static/images/634/14/11734715vz543anjc.jpg'
Copying '/home/yuntao/firstdemo/animate/static/images/634/14/117358k5kn3btkhzk.jpg'
Copying '/home/yuntao/firstdemo/animate/static/images/634/14/117299qyuw3uovhpn.jpg'
Copying '/home/yuntao/firstdemo/animate/static/images/634/14/117327tacv2vkig2d.jpg'
Copying '/home/yuntao/firstdemo/animate/static/images/634/14/117312m1bwok3msxj.jpg'
Copying '/home/yuntao/firstdemo/animate/static/images/634/14/117350iat0frgv32d.jpg'
Copying '/home/yuntao/firstdemo/animate/static/images/634/14/1172783l1wy5yvoub.jpg'
Copying '/home/yuntao/firstdemo/animate/static/images/634/14/117295mdtb315abq0.jpg'
Copying '/home/yuntao/firstdemo/animate/static/images/634/14/117356sfwsxkldzh4.jpg'
Copying '/home/yuntao/firstdemo/animate/static/images/634/14/117285d4vhc0ugg1x.jpg'
Copying '/home/yuntao/firstdemo/animate/static/images/634/14/117320jadlflc53r1.jpg'
Copying '/home/yuntao/firstdemo/animate/static/images/634/14/117283vwkkcf5eode.jpg'
Copying '/home/yuntao/firstdemo/animate/static/images/634/14/1173302caowqu5f2q.jpg'
Copying '/home/yuntao/firstdemo/animate/static/images/634/14/117364452xw4okdsc.jpg'
Copying '/home/yuntao/firstdemo/animate/static/images/634/14/117346rtzvcvq5n4i.jpg'
Copying '/home/yuntao/firstdemo/animate/static/images/634/14/117360wk1xf5vw0d3.jpg'
Copying '/home/yuntao/firstdemo/animate/static/images/634/14/1173181wwrj4m2s5y.jpg'
Copying '/home/yuntao/firstdemo/animate/static/images/634/14/1173241ff3lq4sqm0.jpg'
Copying '/home/yuntao/firstdemo/animate/static/images/634/14/117293oowfsj3n20a.jpg'
Copying '/home/yuntao/firstdemo/animate/static/images/634/14/117339w2khu0btb3m.jpg'
Copying '/home/yuntao/firstdemo/animate/static/images/634/14/117291kaqhqxrrqin.jpg'
Copying '/home/yuntao/firstdemo/animate/static/images/634/14/117303vidvyahvm1b.jpg'
Copying '/home/yuntao/firstdemo/animate/static/images/634/14/1173430xtd4lbfolc.jpg'
Copying '/home/yuntao/firstdemo/animate/static/images/634/14/117332gfdch142mhv.jpg'
Copying '/home/yuntao/firstdemo/animate/static/images/634/14/1173533yim1ivtnda.jpg'
Copying '/home/yuntao/firstdemo/animate/static/images/634/14/1173051zsboucd5bw.jpg'
Copying '/home/yuntao/firstdemo/animate/static/images/634/14/117341pecriejpeoo.jpg'
Copying '/home/yuntao/firstdemo/animate/static/images/634/25/175balnenq4s0c.jpg'
Copying '/home/yuntao/firstdemo/animate/static/images/634/25/1712t43pttsgpw.jpg'
Copying '/home/yuntao/firstdemo/animate/static/images/634/25/159gbxfls2imza.jpg'
Copying '/home/yuntao/firstdemo/animate/static/images/634/25/1605okebydbqiv.jpg'
Copying '/home/yuntao/firstdemo/animate/static/images/634/25/139dipfrqnftfo.jpg'
Copying '/home/yuntao/firstdemo/animate/static/images/634/25/155jtxtb0dq2bu.jpg'
Copying '/home/yuntao/firstdemo/animate/static/images/634/25/144b3qnze4jljp.jpg'
Copying '/home/yuntao/firstdemo/animate/static/images/634/25/161wo5l21ozspo.jpg'
Copying '/home/yuntao/firstdemo/animate/static/images/634/25/140jucacmmqhry.jpg'
Copying '/home/yuntao/firstdemo/animate/static/images/634/25/179lfvyta2faor.jpg'
Copying '/home/yuntao/firstdemo/animate/static/images/634/25/174ueqcu5tlqqs.jpg'
Copying '/home/yuntao/firstdemo/animate/static/images/634/25/1664et3mrxxrwp.jpg'
Copying '/home/yuntao/firstdemo/animate/static/images/634/25/147gje2x1bt5v0.jpg'
Copying '/home/yuntao/firstdemo/animate/static/images/634/25/173343sjoqpsep.jpg'
Copying '/home/yuntao/firstdemo/animate/static/images/634/25/164maxscmt1jv5.jpg'
Copying '/home/yuntao/firstdemo/animate/static/images/634/25/146luvmae1qgh4.jpg'
Copying '/home/yuntao/firstdemo/animate/static/images/634/25/169d4mtegyyxor.jpg'
Copying '/home/yuntao/firstdemo/animate/static/images/634/25/151t44l0j43of2.jpg'
Copying '/home/yuntao/firstdemo/animate/static/images/634/25/178ezbf5gqt1g1.jpg'
Copying '/home/yuntao/firstdemo/animate/static/images/634/25/172v3advcmh40e.jpg'
Copying '/home/yuntao/firstdemo/animate/static/images/634/25/142jstlpwevbmj.jpg'
Copying '/home/yuntao/firstdemo/animate/static/images/634/25/149y53i2cponya.jpg'
Copying '/home/yuntao/firstdemo/animate/static/images/634/25/1585rv3tsbea4s.jpg'
Copying '/home/yuntao/firstdemo/animate/static/images/634/25/154bshb0r30xox.jpg'
Copying '/home/yuntao/firstdemo/animate/static/images/634/25/153cywkpgnsg1u.jpg'
Copying '/home/yuntao/firstdemo/animate/static/images/634/25/156tbhrqvxa3fv.jpg'
Copying '/home/yuntao/firstdemo/animate/static/images/634/25/13831cddvtg3ws.jpg'
Copying '/home/yuntao/firstdemo/animate/static/images/634/25/176vp5lpqlugx5.jpg'
Copying '/home/yuntao/firstdemo/animate/static/images/634/25/145ll2iety3uis.jpg'
Copying '/home/yuntao/firstdemo/animate/static/images/634/25/1654iwdi202gln.jpg'
Copying '/home/yuntao/firstdemo/animate/static/images/634/25/167ijbkaddhp3e.jpg'
Copying '/home/yuntao/firstdemo/animate/static/images/634/25/143icfpw3qfvj2.jpg'
Copying '/home/yuntao/firstdemo/animate/static/images/634/25/168dixwe2ynzfr.jpg'
Copying '/home/yuntao/firstdemo/animate/static/images/634/25/1503tfuyg22r4w.jpg'
Copying '/home/yuntao/firstdemo/animate/static/images/634/25/170kldscqgm5ss.jpg'
Copying '/home/yuntao/firstdemo/animate/static/images/634/25/162qjc3zai1p52.jpg'
Copying '/home/yuntao/firstdemo/animate/static/images/634/25/157xxz4leqiikp.jpg'
Copying '/home/yuntao/firstdemo/animate/static/images/634/25/148bqnboilskyh.jpg'
Copying '/home/yuntao/firstdemo/animate/static/images/634/25/152wasmhgyegiu.jpg'
Copying '/home/yuntao/firstdemo/animate/static/images/634/25/141uusmysl5fhn.jpg'
Copying '/home/yuntao/firstdemo/animate/static/images/634/25/177qbne13k1nya.jpg'
Copying '/home/yuntao/firstdemo/animate/static/images/634/25/163q3zbwrjs2zf.jpg'
Copying '/home/yuntao/firstdemo/animate/static/images/634/5/20693apwgc3ov01j.jpg'
Copying '/home/yuntao/firstdemo/animate/static/images/634/5/20545zqt0se0ctk4.jpg'
Copying '/home/yuntao/firstdemo/animate/static/images/634/5/20710hq2n25yynx0.jpg'
Copying '/home/yuntao/firstdemo/animate/static/images/634/5/206304hlff4xwh1s.jpg'
Copying '/home/yuntao/firstdemo/animate/static/images/634/5/20650ebrovhqgnbs.jpg'
Copying '/home/yuntao/firstdemo/animate/static/images/634/5/20646zp4m1c40xam.jpg'
Copying '/home/yuntao/firstdemo/animate/static/images/634/5/20673ou5xhnxleuf.jpg'
Copying '/home/yuntao/firstdemo/animate/static/images/634/5/206024rl2r01sn0p.jpg'
Copying '/home/yuntao/firstdemo/animate/static/images/634/5/20703yeyrqs2z0b3.jpg'
Copying '/home/yuntao/firstdemo/animate/static/images/634/5/20706x3advt5vws4.jpg'
Copying '/home/yuntao/firstdemo/animate/static/images/634/5/205945k3xf3ucbtp.jpg'
Copying '/home/yuntao/firstdemo/animate/static/images/634/5/20578epflf0t4qxi.jpg'
Copying '/home/yuntao/firstdemo/animate/static/images/634/5/20626ntmmubq3dw5.jpg'
Copying '/home/yuntao/firstdemo/animate/static/images/634/5/20552iwtdoiusgj4.jpg'
Copying '/home/yuntao/firstdemo/animate/static/images/634/5/20562vn23rd3tzgn.jpg'
Copying '/home/yuntao/firstdemo/animate/static/images/634/5/20620ttb1jom42xe.jpg'
Copying '/home/yuntao/firstdemo/animate/static/images/634/5/20530itvuvxrabdb.jpg'
Copying '/home/yuntao/firstdemo/animate/static/images/634/5/20537ifm0jhw5lv2.jpg'
Copying '/home/yuntao/firstdemo/animate/static/images/634/5/20689laqv0skv1nq.jpg'
Copying '/home/yuntao/firstdemo/animate/static/images/634/5/20569rn3r5kr5zax.jpg'
Copying '/home/yuntao/firstdemo/animate/static/images/634/5/20587chdo1hc3bbs.jpg'
Copying '/home/yuntao/firstdemo/animate/static/images/634/5/20681fgxqw2xwkca.jpg'
Copying '/home/yuntao/firstdemo/animate/static/images/634/5/20638h24tvrnpfss.jpg'
Copying '/home/yuntao/firstdemo/animate/static/images/634/5/20634kkjjon2zzmu.jpg'
Copying '/home/yuntao/firstdemo/animate/static/images/634/5/20697jjclrc0h2oo.jpg'
Copying '/home/yuntao/firstdemo/animate/static/images/634/5/20654hnmlt4qmizb.jpg'
Copying '/home/yuntao/firstdemo/animate/static/images/634/5/20642kaesuzlmr15.jpg'
Copying '/home/yuntao/firstdemo/animate/static/images/634/5/20658w4j3oeyr2dx.jpg'
Copying '/home/yuntao/firstdemo/animate/static/images/634/5/20662inzzr53btng.jpg'
Copying '/home/yuntao/firstdemo/animate/static/images/634/5/20523qo4zmhba1hk.jpg'
Copying '/home/yuntao/firstdemo/animate/static/images/634/5/20616qccbrbv0wwo.jpg'
Copying '/home/yuntao/firstdemo/animate/static/images/634/5/20665a4jj5smt41c.jpg'
Copying '/home/yuntao/firstdemo/animate/static/images/634/5/20700j1p3llfilf3.jpg'
Copying '/home/yuntao/firstdemo/animate/static/images/634/5/20677hfawwgylgdk.jpg'
Copying '/home/yuntao/firstdemo/animate/static/images/634/5/2066902omisicwhc.jpg'
Copying '/home/yuntao/firstdemo/animate/static/images/634/5/206090eacghxdbcu.jpg'
Copying '/home/yuntao/firstdemo/animate/static/images/634/5/206853vr3p0oghwn.jpg'
Copying '/home/yuntao/firstdemo/animate/static/images/634/10/21475vp2j12zhlzm.jpg'
Copying '/home/yuntao/firstdemo/animate/static/images/634/10/21423nf10z2shwg0.jpg'
Copying '/home/yuntao/firstdemo/animate/static/images/634/10/212544enkgpszz0m.jpg'
Copying '/home/yuntao/firstdemo/animate/static/images/634/10/21489twqsu0s5y2n.jpg'
Copying '/home/yuntao/firstdemo/animate/static/images/634/10/21289anm3drq0w5e.jpg'
Copying '/home/yuntao/firstdemo/animate/static/images/634/10/21399jzcb1n3dtjm.jpg'
Copying '/home/yuntao/firstdemo/animate/static/images/634/10/21484ds5dnocspdy.jpg'
Copying '/home/yuntao/firstdemo/animate/static/images/634/10/214792xkykwldwcm.jpg'
Copying '/home/yuntao/firstdemo/animate/static/images/634/10/21438glkagc145d0.jpg'
Copying '/home/yuntao/firstdemo/animate/static/images/634/10/21193tlfvht3vegp.jpg'
Copying '/home/yuntao/firstdemo/animate/static/images/634/10/21369gtjsemlyjdv.jpg'
Copying '/home/yuntao/firstdemo/animate/static/images/634/10/21379h31jmu1k1di.jpg'
Copying '/home/yuntao/firstdemo/animate/static/images/634/10/212403bpfcqdkxvj.jpg'
Copying '/home/yuntao/firstdemo/animate/static/images/634/10/21461dxrm2gd131i.jpg'
Copying '/home/yuntao/firstdemo/animate/static/images/634/10/21465ic5v4hmgg1a.jpg'
Copying '/home/yuntao/firstdemo/animate/static/images/634/10/21470spps42mmmc3.jpg'
Copying '/home/yuntao/firstdemo/animate/static/images/634/10/212183p3p2f4130v.jpg'
Copying '/home/yuntao/firstdemo/animate/static/images/634/10/21450os4zhpki20l.jpg'
Copying '/home/yuntao/firstdemo/animate/static/images/634/10/21455mq4c51ywkty.jpg'
Copying '/home/yuntao/firstdemo/animate/static/images/634/10/21338kkqjvqo23qv.jpg'
Copying '/home/yuntao/firstdemo/animate/static/images/634/10/21431rfjgmijn2mu.jpg'
Copying '/home/yuntao/firstdemo/animate/static/images/634/10/214062fjpfyxjx2l.jpg'
Copying '/home/yuntao/firstdemo/animate/static/images/634/10/21358em1jbhp10vx.jpg'
Copying '/home/yuntao/firstdemo/animate/static/images/634/10/21348m5gxa2ehnmk.jpg'
Copying '/home/yuntao/firstdemo/animate/static/images/634/10/21417h0dno0rgfre.jpg'
Copying '/home/yuntao/firstdemo/animate/static/images/634/10/2130231ouwn02fm4.jpg'
Copying '/home/yuntao/firstdemo/animate/static/images/634/10/212302o0ohmhpblu.jpg'
Copying '/home/yuntao/firstdemo/animate/static/images/634/10/212675n0sqydc1gt.jpg'
Copying '/home/yuntao/firstdemo/animate/static/images/634/10/21445pu0pyk2tvym.jpg'
Copying '/home/yuntao/firstdemo/animate/static/images/634/10/2120542b0e3pnxbp.jpg'
Copying '/home/yuntao/firstdemo/animate/static/images/634/10/21312ydgifipxhsc.jpg'
Copying '/home/yuntao/firstdemo/animate/static/images/634/10/21277zqkhzmrwasd.jpg'
Copying '/home/yuntao/firstdemo/animate/static/images/634/10/21388zedzo20qosr.jpg'
Copying '/home/yuntao/firstdemo/animate/static/images/634/10/21326n0rayrkbdly.jpg'
Copying '/home/yuntao/firstdemo/animate/static/images/634/26/1264ogragfr5o3f.jpg'
Copying '/home/yuntao/firstdemo/animate/static/images/634/26/1254uiroa5tdof2.jpg'
Copying '/home/yuntao/firstdemo/animate/static/images/634/26/12464xx1tsojds5.jpg'

1145 static files copied to '/home/yuntao/static', 64 unmodified.
